Using pre-set license
Built from '2020.3/staging' branch; Version is '2020.3.17f1 (a4537701e4ab) revision 10769271'; Using compiler version '192528614'; Build Type 'Release'
OS: 'Windows 10 Pro; OS build 19043.1288; Version 2009; 64bit' Language: 'en' Physical Memory: 8034 MB
BatchMode: 1, IsHumanControllingUs: 0, StartBugReporterOnCrash: 0, Is64bit: 1, IsPro: 0

COMMAND LINE ARGUMENTS:
C:\Program Files\Unity\Hub\Editor\2020.3.17f1\Editor\Unity.exe
-adb2
-batchMode
-noUpm
-name
AssetImportWorker20
-projectPath
C:/Kuliah/SEMESTER 5/PRAKTEK PRODUKSI GAME 3D/Unity/Rubberlab-3D-game
-logFile
Logs/AssetImportWorker20.log
-srvPort
49886
Successfully changed project path to: C:/Kuliah/SEMESTER 5/PRAKTEK PRODUKSI GAME 3D/Unity/Rubberlab-3D-game
C:/Kuliah/SEMESTER 5/PRAKTEK PRODUKSI GAME 3D/Unity/Rubberlab-3D-game
Using Asset Import Pipeline V2.
Refreshing native plugins compatible for Editor in 98.67 ms, found 2 plugins.
Preloading 0 native plugins for Editor in 0.00 ms.
Initialize engine version: 2020.3.17f1 (a4537701e4ab)
[Subsystems] Discovering subsystems at path C:/Program Files/Unity/Hub/Editor/2020.3.17f1/Editor/Data/Resources/UnitySubsystems
[Subsystems] Discovering subsystems at path C:/Kuliah/SEMESTER 5/PRAKTEK PRODUKSI GAME 3D/Unity/Rubberlab-3D-game/Assets
GfxDevice: creating device client; threaded=0
Direct3D:
    Version:  Direct3D 11.0 [level 11.1]
    Renderer: NVIDIA GeForce GTX 1050 (ID=0x1c8d)
    Vendor:   
    VRAM:     4019 MB
    Driver:   30.0.14.9613
Initialize mono
Mono path[0] = 'C:/Program Files/Unity/Hub/Editor/2020.3.17f1/Editor/Data/Managed'
Mono path[1] = 'C:/Program Files/Unity/Hub/Editor/2020.3.17f1/Editor/Data/MonoBleedingEdge/lib/mono/unityjit'
Mono config path = 'C:/Program Files/Unity/Hub/Editor/2020.3.17f1/Editor/Data/MonoBleedingEdge/etc'
Using monoOptions --debugger-agent=transport=dt_socket,embedding=1,server=y,suspend=n,address=127.0.0.1:56504
Begin MonoManager ReloadAssembly
Registering precompiled unity dll's ...
Register platform support module: C:/Program Files/Unity/Hub/Editor/2020.3.17f1/Editor/Data/PlaybackEngines/WebGLSupport/UnityEditor.WebGL.Extensions.dll
Register platform support module: C:/Program Files/Unity/Hub/Editor/2020.3.17f1/Editor/Data/PlaybackEngines/WindowsStandaloneSupport/UnityEditor.WindowsStandalone.Extensions.dll
Registered in 0.003407 seconds.
Native extension for WindowsStandalone target not found
Native extension for WebGL target not found
Refreshing native plugins compatible for Editor in 95.75 ms, found 2 plugins.
Preloading 0 native plugins for Editor in 0.00 ms.
Mono: successfully reloaded assembly
- Completed reload, in  2.079 seconds
Domain Reload Profiling:
	ReloadAssembly (2080ms)
		BeginReloadAssembly (54ms)
			ExecutionOrderSort (0ms)
			DisableScriptedObjects (0ms)
			BackupInstance (0ms)
			ReleaseScriptingObjects (0ms)
			CreateAndSetChildDomain (1ms)
		EndReloadAssembly (598ms)
			LoadAssemblies (52ms)
			RebuildTransferFunctionScriptingTraits (0ms)
			SetupTypeCache (191ms)
			ReleaseScriptCaches (0ms)
			RebuildScriptCaches (45ms)
			SetupLoadedEditorAssemblies (244ms)
				LogAssemblyErrors (0ms)
				InitializePlatformSupportModulesInManaged (5ms)
				SetLoadedEditorAssemblies (1ms)
				RefreshPlugins (96ms)
				BeforeProcessingInitializeOnLoad (10ms)
				ProcessInitializeOnLoadAttributes (100ms)
				ProcessInitializeOnLoadMethodAttributes (32ms)
				AfterProcessingInitializeOnLoad (0ms)
				EditorAssembliesLoaded (0ms)
			ExecutionOrderSort2 (0ms)
			AwakeInstancesAfterBackupRestoration (0ms)
Platform modules already initialized, skipping
Registering precompiled user dll's ...
Registered in 0.145185 seconds.
Begin MonoManager ReloadAssembly
Native extension for WindowsStandalone target not found
Native extension for WebGL target not found
Refreshing native plugins compatible for Editor in 106.63 ms, found 2 plugins.
Preloading 0 native plugins for Editor in 0.00 ms.
Mono: successfully reloaded assembly
- Completed reload, in  8.183 seconds
Domain Reload Profiling:
	ReloadAssembly (8221ms)
		BeginReloadAssembly (251ms)
			ExecutionOrderSort (0ms)
			DisableScriptedObjects (6ms)
			BackupInstance (0ms)
			ReleaseScriptingObjects (0ms)
			CreateAndSetChildDomain (19ms)
		EndReloadAssembly (7872ms)
			LoadAssemblies (240ms)
			RebuildTransferFunctionScriptingTraits (0ms)
			SetupTypeCache (422ms)
			ReleaseScriptCaches (1ms)
			RebuildScriptCaches (88ms)
			SetupLoadedEditorAssemblies (6966ms)
				LogAssemblyErrors (0ms)
				InitializePlatformSupportModulesInManaged (6ms)
				SetLoadedEditorAssemblies (0ms)
				RefreshPlugins (107ms)
				BeforeProcessingInitializeOnLoad (98ms)
				ProcessInitializeOnLoadAttributes (726ms)
				ProcessInitializeOnLoadMethodAttributes (6021ms)
				AfterProcessingInitializeOnLoad (8ms)
				EditorAssembliesLoaded (0ms)
			ExecutionOrderSort2 (0ms)
			AwakeInstancesAfterBackupRestoration (7ms)
Platform modules already initialized, skipping
========================================================================
Worker process is ready to serve import requests
Launched and connected shader compiler UnityShaderCompiler.exe after 0.64 seconds
Refreshing native plugins compatible for Editor in 0.71 ms, found 2 plugins.
Preloading 0 native plugins for Editor in 0.00 ms.
Unloading 3844 Unused Serialized files (Serialized files now loaded: 0)
System memory in use before: 190.8 MB.
System memory in use after: 191.0 MB.

Unloading 20 unused Assets to reduce memory usage. Loaded Objects now: 4295.
Total: 5.429900 ms (FindLiveObjects: 0.601900 ms CreateObjectMapping: 0.354400 ms MarkObjects: 4.395400 ms  DeleteObjects: 0.076800 ms)

AssetImportParameters requested are different than current active one (requested -> active):
  custom:framework-win-MediaFoundation: 216162199b28c13a410421893ffa2e32 -> 
  custom:video-decoder-ogg-theora: a1e56fd34408186e4bbccfd4996cb3dc -> 
  custom:container-muxer-webm: aa71ff27fc2769a1b78a27578f13a17b -> 
  custom:container-demuxer-webm: 4f35f7cbe854078d1ac9338744f61a02 -> 
  custom:container-demuxer-ogg: 62fdf1f143b41e24485cea50d1cbac27 -> 
  custom:video-encoder-webm-vp8: eb34c28f22e8b96e1ab97ce403110664 -> 
  custom:video-decoder-webm-vp8: 9c59270c3fd7afecdb556c50c9e8de78 -> 
  custom:audio-decoder-ogg-vorbis: bf7c407c2cedff20999df2af8eb42d56 -> 
  custom:audio-encoder-webm-vorbis: bf7c407c2cedff20999df2af8eb42d56 -> 
========================================================================
Received Import Request.
  path: Assets/Visual/UI/IMG_4065.PNG
  artifactKey: Guid(7d45094a0ff3220459f1b5dd6c04cc42) Importer(815301076,1909f56bfc062723c751e8b465ee728b)
Start importing Assets/Visual/UI/IMG_4065.PNG using Guid(7d45094a0ff3220459f1b5dd6c04cc42) Importer(815301076,1909f56bfc062723c751e8b465ee728b)  -> (artifact id: '7239140da82df05203919c531a7fb486') in 1.148549 seconds 
  Import took 1.196302 seconds .

========================================================================
Received Import Request.
  Time since last request: 0.000255 seconds.
  path: Assets/Visual/UI/IMG_4066.PNG
  artifactKey: Guid(566b7ce9856712f449cb744bce89a47f) Importer(815301076,1909f56bfc062723c751e8b465ee728b)
Start importing Assets/Visual/UI/IMG_4066.PNG using Guid(566b7ce9856712f449cb744bce89a47f) Importer(815301076,1909f56bfc062723c751e8b465ee728b)  -> (artifact id: '312bf5c537aa71ba672d6386964ba81e') in 0.276407 seconds 
  Import took 0.329531 seconds .

========================================================================
Received Import Request.
  Time since last request: 0.000227 seconds.
  path: Assets/Visual/UI/IMG_4063.PNG
  artifactKey: Guid(790d90e9c5221664da3f179a2189947c) Importer(815301076,1909f56bfc062723c751e8b465ee728b)
Start importing Assets/Visual/UI/IMG_4063.PNG using Guid(790d90e9c5221664da3f179a2189947c) Importer(815301076,1909f56bfc062723c751e8b465ee728b)  -> (artifact id: '079ee2d51f04c8cc13c92c67cc49d4ba') in 0.186501 seconds 
  Import took 0.225342 seconds .

========================================================================
Received Import Request.
  Time since last request: 0.000380 seconds.
  path: Assets/Visual/UI/IMG_4083.PNG
  artifactKey: Guid(cab85da1e1c55634eb8e0467009d5273) Importer(815301076,1909f56bfc062723c751e8b465ee728b)
Start importing Assets/Visual/UI/IMG_4083.PNG using Guid(cab85da1e1c55634eb8e0467009d5273) Importer(815301076,1909f56bfc062723c751e8b465ee728b)  -> (artifact id: 'a17379044593462b09efbef84a8679ef') in 0.859924 seconds 
  Import took 0.933357 seconds .

========================================================================
Received Import Request.
  Time since last request: 0.000218 seconds.
  path: Assets/Visual/UI/IMG_4080.PNG
  artifactKey: Guid(5985c42942ed3e547b51e8f547820d8a) Importer(815301076,1909f56bfc062723c751e8b465ee728b)
Start importing Assets/Visual/UI/IMG_4080.PNG using Guid(5985c42942ed3e547b51e8f547820d8a) Importer(815301076,1909f56bfc062723c751e8b465ee728b)  -> (artifact id: '274ed6f695cdc7ea600c9b4806213e52') in 0.185683 seconds 
  Import took 0.220663 seconds .

========================================================================
Received Import Request.
  Time since last request: 0.000180 seconds.
  path: Assets/Visual/UI/IMG_4081.PNG
  artifactKey: Guid(8552422d3ddb70d4a934af7b20394f4a) Importer(815301076,1909f56bfc062723c751e8b465ee728b)
Start importing Assets/Visual/UI/IMG_4081.PNG using Guid(8552422d3ddb70d4a934af7b20394f4a) Importer(815301076,1909f56bfc062723c751e8b465ee728b)  -> (artifact id: 'c3bcacf6473b617fb0c88aa97718ef28') in 0.207431 seconds 
  Import took 0.381248 seconds .

========================================================================
Received Import Request.
  Time since last request: 0.000218 seconds.
  path: Assets/Visual/UI/IMG_4064.PNG
  artifactKey: Guid(4499c2b4a5d603e45bf56df56bd651eb) Importer(815301076,1909f56bfc062723c751e8b465ee728b)
Start importing Assets/Visual/UI/IMG_4064.PNG using Guid(4499c2b4a5d603e45bf56df56bd651eb) Importer(815301076,1909f56bfc062723c751e8b465ee728b)  -> (artifact id: 'be0b2f21e135146711cffd038f1c2d02') in 0.158853 seconds 
  Import took 0.203291 seconds .

========================================================================
Received Import Request.
  Time since last request: 0.000206 seconds.
  path: Assets/Visual/UI/IMG_4062.PNG
  artifactKey: Guid(8dfe8a84a1796694db6742ef42cb36fa) Importer(815301076,1909f56bfc062723c751e8b465ee728b)
Start importing Assets/Visual/UI/IMG_4062.PNG using Guid(8dfe8a84a1796694db6742ef42cb36fa) Importer(815301076,1909f56bfc062723c751e8b465ee728b)  -> (artifact id: '222dd5538ff193663de4f9403897fb16') in 0.264644 seconds 
  Import took 0.312513 seconds .

========================================================================
Received Import Request.
  Time since last request: 0.000180 seconds.
  path: Assets/Visual/UI/IMG_4082.PNG
  artifactKey: Guid(0371d6186b136fa4eaeb8c3dea3b07a5) Importer(815301076,1909f56bfc062723c751e8b465ee728b)
Start importing Assets/Visual/UI/IMG_4082.PNG using Guid(0371d6186b136fa4eaeb8c3dea3b07a5) Importer(815301076,1909f56bfc062723c751e8b465ee728b)  -> (artifact id: 'f457d67cbcd10f91e7ce068cd2ceb7c2') in 0.095286 seconds 
  Import took 0.188508 seconds .

========================================================================
Received Import Request.
  Time since last request: 3.520199 seconds.
  path: Assets/Visual/Image/kampus.png
  artifactKey: Guid(2b26218f822cedd4fb3389d347a29ad7) Importer(815301076,1909f56bfc062723c751e8b465ee728b)
Start importing Assets/Visual/Image/kampus.png using Guid(2b26218f822cedd4fb3389d347a29ad7) Importer(815301076,1909f56bfc062723c751e8b465ee728b)  -> (artifact id: 'ac7b3cd15e7a9f554dfd6fd2f057c56a') in 0.276784 seconds 
  Import took 0.348470 seconds .

========================================================================
Received Import Request.
  Time since last request: 0.000253 seconds.
  path: Assets/Visual/Image/Logo Game.png
  artifactKey: Guid(c08bde612bef6a14cb640051a3f60be4) Importer(815301076,1909f56bfc062723c751e8b465ee728b)
Start importing Assets/Visual/Image/Logo Game.png using Guid(c08bde612bef6a14cb640051a3f60be4) Importer(815301076,1909f56bfc062723c751e8b465ee728b)  -> (artifact id: 'c55dff73710362e6b7c8611fe14b16d0') in 0.116579 seconds 
  Import took 0.204068 seconds .

========================================================================
Received Import Request.
  Time since last request: 0.000198 seconds.
  path: Assets/Visual/Image/Logo1.png
  artifactKey: Guid(2f7648fa8f3c1ca46bbb32b69d6e7a1a) Importer(815301076,1909f56bfc062723c751e8b465ee728b)
Start importing Assets/Visual/Image/Logo1.png using Guid(2f7648fa8f3c1ca46bbb32b69d6e7a1a) Importer(815301076,1909f56bfc062723c751e8b465ee728b)  -> (artifact id: '9214316cee915df78ff6d8edc5bf0a3d') in 0.295206 seconds 
  Import took 0.349582 seconds .

========================================================================
Received Import Request.
  Time since last request: 12.754975 seconds.
  path: Assets/Visual/Image/hint.png
  artifactKey: Guid(ac20b51edcb3e604796642d54c783be3) Importer(815301076,1909f56bfc062723c751e8b465ee728b)
Start importing Assets/Visual/Image/hint.png using Guid(ac20b51edcb3e604796642d54c783be3) Importer(815301076,1909f56bfc062723c751e8b465ee728b)  -> (artifact id: '4306baa47e0901b2b5480efffd20b5e4') in 0.185007 seconds 
  Import took 0.227276 seconds .

========================================================================
Received Import Request.
  Time since last request: 13.428935 seconds.
  path: Assets/Visual/UI/IMG_4062.PNG
  artifactKey: Guid(8dfe8a84a1796694db6742ef42cb36fa) Importer(815301076,1909f56bfc062723c751e8b465ee728b)
Start importing Assets/Visual/UI/IMG_4062.PNG using Guid(8dfe8a84a1796694db6742ef42cb36fa) Importer(815301076,1909f56bfc062723c751e8b465ee728b)  -> (artifact id: '41bda934543a3d0b47020522e254e4db') in 0.039598 seconds 
  Import took 0.208235 seconds .

========================================================================
Received Import Request.
  Time since last request: 23.871251 seconds.
  path: Assets/Visual/UI/IMG_4063.PNG
  artifactKey: Guid(790d90e9c5221664da3f179a2189947c) Importer(815301076,1909f56bfc062723c751e8b465ee728b)
Start importing Assets/Visual/UI/IMG_4063.PNG using Guid(790d90e9c5221664da3f179a2189947c) Importer(815301076,1909f56bfc062723c751e8b465ee728b)  -> (artifact id: 'cc951f35c25e6d90045276990aed9d9e') in 0.038472 seconds 
  Import took 0.074767 seconds .

========================================================================
Received Import Request.
  Time since last request: 0.000220 seconds.
  path: Assets/Visual/UI/IMG_4065.PNG
  artifactKey: Guid(7d45094a0ff3220459f1b5dd6c04cc42) Importer(815301076,1909f56bfc062723c751e8b465ee728b)
Start importing Assets/Visual/UI/IMG_4065.PNG using Guid(7d45094a0ff3220459f1b5dd6c04cc42) Importer(815301076,1909f56bfc062723c751e8b465ee728b)  -> (artifact id: 'b3935b3de8c1f808aa079efc5dbaa789') in 5.933456 seconds 
  Import took 6.170371 seconds .

========================================================================
Received Import Request.
  Time since last request: 0.000386 seconds.
  path: Assets/Visual/UI/IMG_4066.PNG
  artifactKey: Guid(566b7ce9856712f449cb744bce89a47f) Importer(815301076,1909f56bfc062723c751e8b465ee728b)
Start importing Assets/Visual/UI/IMG_4066.PNG using Guid(566b7ce9856712f449cb744bce89a47f) Importer(815301076,1909f56bfc062723c751e8b465ee728b)  -> (artifact id: '23eeed39f7464e1a1bfa8878637bd7b8') in 0.041619 seconds 
  Import took 0.076674 seconds .

========================================================================
Received Import Request.
  Time since last request: 0.000187 seconds.
  path: Assets/Visual/UI/IMG_4064.PNG
  artifactKey: Guid(4499c2b4a5d603e45bf56df56bd651eb) Importer(815301076,1909f56bfc062723c751e8b465ee728b)
Start importing Assets/Visual/UI/IMG_4064.PNG using Guid(4499c2b4a5d603e45bf56df56bd651eb) Importer(815301076,1909f56bfc062723c751e8b465ee728b)  -> (artifact id: '905b81820116bf670dee12f0b92e5bd7') in 0.049975 seconds 
  Import took 0.189629 seconds .

========================================================================
Received Import Request.
  Time since last request: 614.914656 seconds.
  path: Assets/Visual/UI/IMG_4062.PNG
  artifactKey: Guid(8dfe8a84a1796694db6742ef42cb36fa) Importer(815301076,1909f56bfc062723c751e8b465ee728b)
Start importing Assets/Visual/UI/IMG_4062.PNG using Guid(8dfe8a84a1796694db6742ef42cb36fa) Importer(815301076,1909f56bfc062723c751e8b465ee728b)  -> (artifact id: '76b4edc51f1e0912bf510502c3be29e9') in 1.098717 seconds 
  Import took 1.883414 seconds .

========================================================================
Received Prepare
Registering precompiled user dll's ...
Registered in 0.963016 seconds.
Begin MonoManager ReloadAssembly
Native extension for WindowsStandalone target not found
Native extension for WebGL target not found
Refreshing native plugins compatible for Editor in 1.01 ms, found 2 plugins.
Preloading 0 native plugins for Editor in 0.00 ms.
Mono: successfully reloaded assembly
- Completed reload, in 38.087 seconds
Domain Reload Profiling:
	ReloadAssembly (38087ms)
		BeginReloadAssembly (18467ms)
			ExecutionOrderSort (0ms)
			DisableScriptedObjects (4ms)
			BackupInstance (0ms)
			ReleaseScriptingObjects (0ms)
			CreateAndSetChildDomain (45ms)
		EndReloadAssembly (19557ms)
			LoadAssemblies (30266ms)
			RebuildTransferFunctionScriptingTraits (0ms)
			SetupTypeCache (5548ms)
			ReleaseScriptCaches (2ms)
			RebuildScriptCaches (70ms)
			SetupLoadedEditorAssemblies (1065ms)
				LogAssemblyErrors (0ms)
				InitializePlatformSupportModulesInManaged (7ms)
				SetLoadedEditorAssemblies (1ms)
				RefreshPlugins (1ms)
				BeforeProcessingInitializeOnLoad (135ms)
				ProcessInitializeOnLoadAttributes (906ms)
				ProcessInitializeOnLoadMethodAttributes (7ms)
				AfterProcessingInitializeOnLoad (7ms)
				EditorAssembliesLoaded (0ms)
			ExecutionOrderSort2 (0ms)
			AwakeInstancesAfterBackupRestoration (25ms)
Platform modules already initialized, skipping
Refreshing native plugins compatible for Editor in 1.82 ms, found 2 plugins.
Preloading 0 native plugins for Editor in 0.00 ms.
Unloading 3528 Unused Serialized files (Serialized files now loaded: 0)
System memory in use before: 177.1 MB.
System memory in use after: 177.4 MB.

Unloading 15 unused Assets to reduce memory usage. Loaded Objects now: 4379.
Total: 28.990400 ms (FindLiveObjects: 8.446200 ms CreateObjectMapping: 1.822800 ms MarkObjects: 18.376000 ms  DeleteObjects: 0.333100 ms)

AssetImportParameters requested are different than current active one (requested -> active):
  custom:framework-win-MediaFoundation: 216162199b28c13a410421893ffa2e32 -> 
  custom:video-decoder-ogg-theora: a1e56fd34408186e4bbccfd4996cb3dc -> 
  custom:container-muxer-webm: aa71ff27fc2769a1b78a27578f13a17b -> 
  custom:container-demuxer-webm: 4f35f7cbe854078d1ac9338744f61a02 -> 
  custom:container-demuxer-ogg: 62fdf1f143b41e24485cea50d1cbac27 -> 
  custom:video-encoder-webm-vp8: eb34c28f22e8b96e1ab97ce403110664 -> 
  custom:video-decoder-webm-vp8: 9c59270c3fd7afecdb556c50c9e8de78 -> 
  custom:audio-decoder-ogg-vorbis: bf7c407c2cedff20999df2af8eb42d56 -> 
  custom:audio-encoder-webm-vorbis: bf7c407c2cedff20999df2af8eb42d56 -> 
========================================================================
Received Import Request.
  Time since last request: 1414.192394 seconds.
  path: Assets/Visual/UI/IMG_4082.PNG
  artifactKey: Guid(0371d6186b136fa4eaeb8c3dea3b07a5) Importer(815301076,1909f56bfc062723c751e8b465ee728b)
Start importing Assets/Visual/UI/IMG_4082.PNG using Guid(0371d6186b136fa4eaeb8c3dea3b07a5) Importer(815301076,1909f56bfc062723c751e8b465ee728b)  -> (artifact id: 'bf6b4c993210da886b10579789f25876') in 0.204765 seconds 
  Import took 0.302160 seconds .

========================================================================
Received Prepare
Registering precompiled user dll's ...
Registered in 1.383446 seconds.
Begin MonoManager ReloadAssembly
Native extension for WindowsStandalone target not found
Native extension for WebGL target not found
Refreshing native plugins compatible for Editor in 0.84 ms, found 2 plugins.
Preloading 0 native plugins for Editor in 0.00 ms.
Mono: successfully reloaded assembly
- Completed reload, in  1.962 seconds
Domain Reload Profiling:
	ReloadAssembly (1962ms)
		BeginReloadAssembly (122ms)
			ExecutionOrderSort (0ms)
			DisableScriptedObjects (4ms)
			BackupInstance (0ms)
			ReleaseScriptingObjects (0ms)
			CreateAndSetChildDomain (39ms)
		EndReloadAssembly (1780ms)
			LoadAssemblies (93ms)
			RebuildTransferFunctionScriptingTraits (0ms)
			SetupTypeCache (326ms)
			ReleaseScriptCaches (2ms)
			RebuildScriptCaches (66ms)
			SetupLoadedEditorAssemblies (909ms)
				LogAssemblyErrors (0ms)
				InitializePlatformSupportModulesInManaged (5ms)
				SetLoadedEditorAssemblies (0ms)
				RefreshPlugins (1ms)
				BeforeProcessingInitializeOnLoad (78ms)
				ProcessInitializeOnLoadAttributes (810ms)
				ProcessInitializeOnLoadMethodAttributes (7ms)
				AfterProcessingInitializeOnLoad (7ms)
				EditorAssembliesLoaded (0ms)
			ExecutionOrderSort2 (0ms)
			AwakeInstancesAfterBackupRestoration (15ms)
Platform modules already initialized, skipping
Refreshing native plugins compatible for Editor in 0.75 ms, found 2 plugins.
Preloading 0 native plugins for Editor in 0.00 ms.
Unloading 3528 Unused Serialized files (Serialized files now loaded: 0)
System memory in use before: 177.2 MB.
System memory in use after: 177.5 MB.

Unloading 15 unused Assets to reduce memory usage. Loaded Objects now: 4385.
Total: 4.209800 ms (FindLiveObjects: 0.394600 ms CreateObjectMapping: 0.203900 ms MarkObjects: 3.584800 ms  DeleteObjects: 0.025500 ms)

AssetImportParameters requested are different than current active one (requested -> active):
  custom:framework-win-MediaFoundation: 216162199b28c13a410421893ffa2e32 -> 
  custom:video-decoder-ogg-theora: a1e56fd34408186e4bbccfd4996cb3dc -> 
  custom:container-muxer-webm: aa71ff27fc2769a1b78a27578f13a17b -> 
  custom:container-demuxer-webm: 4f35f7cbe854078d1ac9338744f61a02 -> 
  custom:container-demuxer-ogg: 62fdf1f143b41e24485cea50d1cbac27 -> 
  custom:video-encoder-webm-vp8: eb34c28f22e8b96e1ab97ce403110664 -> 
  custom:video-decoder-webm-vp8: 9c59270c3fd7afecdb556c50c9e8de78 -> 
  custom:audio-decoder-ogg-vorbis: bf7c407c2cedff20999df2af8eb42d56 -> 
  custom:audio-encoder-webm-vorbis: bf7c407c2cedff20999df2af8eb42d56 -> 
========================================================================
Received Prepare
Registering precompiled user dll's ...
Registered in 0.896946 seconds.
Begin MonoManager ReloadAssembly
Native extension for WindowsStandalone target not found
Native extension for WebGL target not found
Refreshing native plugins compatible for Editor in 0.85 ms, found 2 plugins.
Preloading 0 native plugins for Editor in 0.00 ms.
Mono: successfully reloaded assembly
- Completed reload, in  2.940 seconds
Domain Reload Profiling:
	ReloadAssembly (2987ms)
		BeginReloadAssembly (668ms)
			ExecutionOrderSort (0ms)
			DisableScriptedObjects (101ms)
			BackupInstance (0ms)
			ReleaseScriptingObjects (0ms)
			CreateAndSetChildDomain (310ms)
		EndReloadAssembly (2165ms)
			LoadAssemblies (301ms)
			RebuildTransferFunctionScriptingTraits (0ms)
			SetupTypeCache (613ms)
			ReleaseScriptCaches (2ms)
			RebuildScriptCaches (78ms)
			SetupLoadedEditorAssemblies (856ms)
				LogAssemblyErrors (0ms)
				InitializePlatformSupportModulesInManaged (5ms)
				SetLoadedEditorAssemblies (1ms)
				RefreshPlugins (1ms)
				BeforeProcessingInitializeOnLoad (100ms)
				ProcessInitializeOnLoadAttributes (732ms)
				ProcessInitializeOnLoadMethodAttributes (8ms)
				AfterProcessingInitializeOnLoad (10ms)
				EditorAssembliesLoaded (0ms)
			ExecutionOrderSort2 (0ms)
			AwakeInstancesAfterBackupRestoration (21ms)
Platform modules already initialized, skipping
Refreshing native plugins compatible for Editor in 0.72 ms, found 2 plugins.
Preloading 0 native plugins for Editor in 0.00 ms.
Unloading 3528 Unused Serialized files (Serialized files now loaded: 0)
System memory in use before: 177.2 MB.
System memory in use after: 177.5 MB.

Unloading 15 unused Assets to reduce memory usage. Loaded Objects now: 4388.
Total: 33.969400 ms (FindLiveObjects: 0.490900 ms CreateObjectMapping: 0.220600 ms MarkObjects: 4.182800 ms  DeleteObjects: 29.073200 ms)

AssetImportParameters requested are different than current active one (requested -> active):
  custom:framework-win-MediaFoundation: 216162199b28c13a410421893ffa2e32 -> 
  custom:video-decoder-ogg-theora: a1e56fd34408186e4bbccfd4996cb3dc -> 
  custom:container-muxer-webm: aa71ff27fc2769a1b78a27578f13a17b -> 
  custom:container-demuxer-webm: 4f35f7cbe854078d1ac9338744f61a02 -> 
  custom:container-demuxer-ogg: 62fdf1f143b41e24485cea50d1cbac27 -> 
  custom:video-encoder-webm-vp8: eb34c28f22e8b96e1ab97ce403110664 -> 
  custom:video-decoder-webm-vp8: 9c59270c3fd7afecdb556c50c9e8de78 -> 
  custom:audio-decoder-ogg-vorbis: bf7c407c2cedff20999df2af8eb42d56 -> 
  custom:audio-encoder-webm-vorbis: bf7c407c2cedff20999df2af8eb42d56 -> 
========================================================================
Received Prepare
Registering precompiled user dll's ...
Registered in 0.035640 seconds.
Begin MonoManager ReloadAssembly
Native extension for WindowsStandalone target not found
Native extension for WebGL target not found
Refreshing native plugins compatible for Editor in 0.82 ms, found 2 plugins.
Preloading 0 native plugins for Editor in 0.00 ms.
Mono: successfully reloaded assembly
- Completed reload, in  2.066 seconds
Domain Reload Profiling:
	ReloadAssembly (2067ms)
		BeginReloadAssembly (273ms)
			ExecutionOrderSort (0ms)
			DisableScriptedObjects (6ms)
			BackupInstance (0ms)
			ReleaseScriptingObjects (0ms)
			CreateAndSetChildDomain (180ms)
		EndReloadAssembly (1732ms)
			LoadAssemblies (109ms)
			RebuildTransferFunctionScriptingTraits (0ms)
			SetupTypeCache (437ms)
			ReleaseScriptCaches (2ms)
			RebuildScriptCaches (80ms)
			SetupLoadedEditorAssemblies (570ms)
				LogAssemblyErrors (0ms)
				InitializePlatformSupportModulesInManaged (5ms)
				SetLoadedEditorAssemblies (0ms)
				RefreshPlugins (1ms)
				BeforeProcessingInitializeOnLoad (81ms)
				ProcessInitializeOnLoadAttributes (467ms)
				ProcessInitializeOnLoadMethodAttributes (8ms)
				AfterProcessingInitializeOnLoad (8ms)
				EditorAssembliesLoaded (0ms)
			ExecutionOrderSort2 (0ms)
			AwakeInstancesAfterBackupRestoration (17ms)
Platform modules already initialized, skipping
Refreshing native plugins compatible for Editor in 0.68 ms, found 2 plugins.
Preloading 0 native plugins for Editor in 0.00 ms.
Unloading 3528 Unused Serialized files (Serialized files now loaded: 0)
System memory in use before: 177.3 MB.
System memory in use after: 177.5 MB.

Unloading 15 unused Assets to reduce memory usage. Loaded Objects now: 4391.
Total: 4.211000 ms (FindLiveObjects: 0.421500 ms CreateObjectMapping: 0.230400 ms MarkObjects: 3.529100 ms  DeleteObjects: 0.028400 ms)

AssetImportParameters requested are different than current active one (requested -> active):
  custom:framework-win-MediaFoundation: 216162199b28c13a410421893ffa2e32 -> 
  custom:video-decoder-ogg-theora: a1e56fd34408186e4bbccfd4996cb3dc -> 
  custom:container-muxer-webm: aa71ff27fc2769a1b78a27578f13a17b -> 
  custom:container-demuxer-webm: 4f35f7cbe854078d1ac9338744f61a02 -> 
  custom:container-demuxer-ogg: 62fdf1f143b41e24485cea50d1cbac27 -> 
  custom:video-encoder-webm-vp8: eb34c28f22e8b96e1ab97ce403110664 -> 
  custom:video-decoder-webm-vp8: 9c59270c3fd7afecdb556c50c9e8de78 -> 
  custom:audio-decoder-ogg-vorbis: bf7c407c2cedff20999df2af8eb42d56 -> 
  custom:audio-encoder-webm-vorbis: bf7c407c2cedff20999df2af8eb42d56 -> 
========================================================================
Received Prepare
Registering precompiled user dll's ...
Registered in 0.006721 seconds.
Begin MonoManager ReloadAssembly
Native extension for WindowsStandalone target not found
Native extension for WebGL target not found
Refreshing native plugins compatible for Editor in 3.67 ms, found 2 plugins.
Preloading 0 native plugins for Editor in 0.00 ms.
Mono: successfully reloaded assembly
- Completed reload, in  2.468 seconds
Domain Reload Profiling:
	ReloadAssembly (2469ms)
		BeginReloadAssembly (238ms)
			ExecutionOrderSort (0ms)
			DisableScriptedObjects (9ms)
			BackupInstance (0ms)
			ReleaseScriptingObjects (0ms)
			CreateAndSetChildDomain (71ms)
		EndReloadAssembly (2085ms)
			LoadAssemblies (227ms)
			RebuildTransferFunctionScriptingTraits (0ms)
			SetupTypeCache (582ms)
			ReleaseScriptCaches (4ms)
			RebuildScriptCaches (132ms)
			SetupLoadedEditorAssemblies (804ms)
				LogAssemblyErrors (0ms)
				InitializePlatformSupportModulesInManaged (7ms)
				SetLoadedEditorAssemblies (1ms)
				RefreshPlugins (4ms)
				BeforeProcessingInitializeOnLoad (129ms)
				ProcessInitializeOnLoadAttributes (643ms)
				ProcessInitializeOnLoadMethodAttributes (9ms)
				AfterProcessingInitializeOnLoad (11ms)
				EditorAssembliesLoaded (0ms)
			ExecutionOrderSort2 (0ms)
			AwakeInstancesAfterBackupRestoration (27ms)
Platform modules already initialized, skipping
Refreshing native plugins compatible for Editor in 0.77 ms, found 2 plugins.
Preloading 0 native plugins for Editor in 0.00 ms.
Unloading 3528 Unused Serialized files (Serialized files now loaded: 0)
System memory in use before: 177.3 MB.
System memory in use after: 177.5 MB.

Unloading 15 unused Assets to reduce memory usage. Loaded Objects now: 4394.
Total: 4.609000 ms (FindLiveObjects: 0.430500 ms CreateObjectMapping: 0.202800 ms MarkObjects: 3.915800 ms  DeleteObjects: 0.057000 ms)

AssetImportParameters requested are different than current active one (requested -> active):
  custom:framework-win-MediaFoundation: 216162199b28c13a410421893ffa2e32 -> 
  custom:video-decoder-ogg-theora: a1e56fd34408186e4bbccfd4996cb3dc -> 
  custom:container-muxer-webm: aa71ff27fc2769a1b78a27578f13a17b -> 
  custom:container-demuxer-webm: 4f35f7cbe854078d1ac9338744f61a02 -> 
  custom:container-demuxer-ogg: 62fdf1f143b41e24485cea50d1cbac27 -> 
  custom:video-encoder-webm-vp8: eb34c28f22e8b96e1ab97ce403110664 -> 
  custom:video-decoder-webm-vp8: 9c59270c3fd7afecdb556c50c9e8de78 -> 
  custom:audio-decoder-ogg-vorbis: bf7c407c2cedff20999df2af8eb42d56 -> 
  custom:audio-encoder-webm-vorbis: bf7c407c2cedff20999df2af8eb42d56 -> 
========================================================================
Received Prepare
Registering precompiled user dll's ...
Registered in 0.016076 seconds.
Begin MonoManager ReloadAssembly
Native extension for WindowsStandalone target not found
Native extension for WebGL target not found
Refreshing native plugins compatible for Editor in 0.65 ms, found 2 plugins.
Preloading 0 native plugins for Editor in 0.00 ms.
Mono: successfully reloaded assembly
- Completed reload, in  1.604 seconds
Domain Reload Profiling:
	ReloadAssembly (1604ms)
		BeginReloadAssembly (138ms)
			ExecutionOrderSort (0ms)
			DisableScriptedObjects (4ms)
			BackupInstance (0ms)
			ReleaseScriptingObjects (0ms)
			CreateAndSetChildDomain (46ms)
		EndReloadAssembly (1394ms)
			LoadAssemblies (100ms)
			RebuildTransferFunctionScriptingTraits (0ms)
			SetupTypeCache (394ms)
			ReleaseScriptCaches (1ms)
			RebuildScriptCaches (65ms)
			SetupLoadedEditorAssemblies (670ms)
				LogAssemblyErrors (0ms)
				InitializePlatformSupportModulesInManaged (5ms)
				SetLoadedEditorAssemblies (0ms)
				RefreshPlugins (1ms)
				BeforeProcessingInitializeOnLoad (81ms)
				ProcessInitializeOnLoadAttributes (569ms)
				ProcessInitializeOnLoadMethodAttributes (7ms)
				AfterProcessingInitializeOnLoad (7ms)
				EditorAssembliesLoaded (0ms)
			ExecutionOrderSort2 (0ms)
			AwakeInstancesAfterBackupRestoration (15ms)
Platform modules already initialized, skipping
Refreshing native plugins compatible for Editor in 0.73 ms, found 2 plugins.
Preloading 0 native plugins for Editor in 0.00 ms.
Unloading 3528 Unused Serialized files (Serialized files now loaded: 0)
System memory in use before: 177.3 MB.
System memory in use after: 177.5 MB.

Unloading 15 unused Assets to reduce memory usage. Loaded Objects now: 4397.
Total: 3.747600 ms (FindLiveObjects: 0.361900 ms CreateObjectMapping: 0.208800 ms MarkObjects: 3.155500 ms  DeleteObjects: 0.019900 ms)

AssetImportParameters requested are different than current active one (requested -> active):
  custom:framework-win-MediaFoundation: 216162199b28c13a410421893ffa2e32 -> 
  custom:video-decoder-ogg-theora: a1e56fd34408186e4bbccfd4996cb3dc -> 
  custom:container-muxer-webm: aa71ff27fc2769a1b78a27578f13a17b -> 
  custom:container-demuxer-webm: 4f35f7cbe854078d1ac9338744f61a02 -> 
  custom:container-demuxer-ogg: 62fdf1f143b41e24485cea50d1cbac27 -> 
  custom:video-encoder-webm-vp8: eb34c28f22e8b96e1ab97ce403110664 -> 
  custom:video-decoder-webm-vp8: 9c59270c3fd7afecdb556c50c9e8de78 -> 
  custom:audio-decoder-ogg-vorbis: bf7c407c2cedff20999df2af8eb42d56 -> 
  custom:audio-encoder-webm-vorbis: bf7c407c2cedff20999df2af8eb42d56 -> 
========================================================================
Received Prepare
Registering precompiled user dll's ...
Registered in 0.005093 seconds.
Begin MonoManager ReloadAssembly
Native extension for WindowsStandalone target not found
Native extension for WebGL target not found
Refreshing native plugins compatible for Editor in 0.66 ms, found 2 plugins.
Preloading 0 native plugins for Editor in 0.00 ms.
Mono: successfully reloaded assembly
- Completed reload, in  1.559 seconds
Domain Reload Profiling:
	ReloadAssembly (1559ms)
		BeginReloadAssembly (120ms)
			ExecutionOrderSort (0ms)
			DisableScriptedObjects (6ms)
			BackupInstance (0ms)
			ReleaseScriptingObjects (0ms)
			CreateAndSetChildDomain (31ms)
		EndReloadAssembly (1379ms)
			LoadAssemblies (102ms)
			RebuildTransferFunctionScriptingTraits (0ms)
			SetupTypeCache (322ms)
			ReleaseScriptCaches (2ms)
			RebuildScriptCaches (78ms)
			SetupLoadedEditorAssemblies (651ms)
				LogAssemblyErrors (0ms)
				InitializePlatformSupportModulesInManaged (5ms)
				SetLoadedEditorAssemblies (0ms)
				RefreshPlugins (1ms)
				BeforeProcessingInitializeOnLoad (82ms)
				ProcessInitializeOnLoadAttributes (548ms)
				ProcessInitializeOnLoadMethodAttributes (7ms)
				AfterProcessingInitializeOnLoad (7ms)
				EditorAssembliesLoaded (0ms)
			ExecutionOrderSort2 (0ms)
			AwakeInstancesAfterBackupRestoration (21ms)
Platform modules already initialized, skipping
Refreshing native plugins compatible for Editor in 0.88 ms, found 2 plugins.
Preloading 0 native plugins for Editor in 0.00 ms.
Unloading 3528 Unused Serialized files (Serialized files now loaded: 0)
System memory in use before: 177.3 MB.
System memory in use after: 177.5 MB.

Unloading 15 unused Assets to reduce memory usage. Loaded Objects now: 4400.
Total: 7.533200 ms (FindLiveObjects: 0.469000 ms CreateObjectMapping: 0.532600 ms MarkObjects: 6.501100 ms  DeleteObjects: 0.028300 ms)

AssetImportParameters requested are different than current active one (requested -> active):
  custom:framework-win-MediaFoundation: 216162199b28c13a410421893ffa2e32 -> 
  custom:video-decoder-ogg-theora: a1e56fd34408186e4bbccfd4996cb3dc -> 
  custom:container-muxer-webm: aa71ff27fc2769a1b78a27578f13a17b -> 
  custom:container-demuxer-webm: 4f35f7cbe854078d1ac9338744f61a02 -> 
  custom:container-demuxer-ogg: 62fdf1f143b41e24485cea50d1cbac27 -> 
  custom:video-encoder-webm-vp8: eb34c28f22e8b96e1ab97ce403110664 -> 
  custom:video-decoder-webm-vp8: 9c59270c3fd7afecdb556c50c9e8de78 -> 
  custom:audio-decoder-ogg-vorbis: bf7c407c2cedff20999df2af8eb42d56 -> 
  custom:audio-encoder-webm-vorbis: bf7c407c2cedff20999df2af8eb42d56 -> 
========================================================================
Received Prepare
Registering precompiled user dll's ...
Registered in 0.005144 seconds.
Begin MonoManager ReloadAssembly
Native extension for WindowsStandalone target not found
Native extension for WebGL target not found
Refreshing native plugins compatible for Editor in 0.88 ms, found 2 plugins.
Preloading 0 native plugins for Editor in 0.00 ms.
Mono: successfully reloaded assembly
- Completed reload, in  1.606 seconds
Domain Reload Profiling:
	ReloadAssembly (1606ms)
		BeginReloadAssembly (108ms)
			ExecutionOrderSort (0ms)
			DisableScriptedObjects (4ms)
			BackupInstance (0ms)
			ReleaseScriptingObjects (0ms)
			CreateAndSetChildDomain (34ms)
		EndReloadAssembly (1299ms)
			LoadAssemblies (101ms)
			RebuildTransferFunctionScriptingTraits (0ms)
			SetupTypeCache (332ms)
			ReleaseScriptCaches (1ms)
			RebuildScriptCaches (65ms)
			SetupLoadedEditorAssemblies (613ms)
				LogAssemblyErrors (0ms)
				InitializePlatformSupportModulesInManaged (5ms)
				SetLoadedEditorAssemblies (0ms)
				RefreshPlugins (1ms)
				BeforeProcessingInitializeOnLoad (84ms)
				ProcessInitializeOnLoadAttributes (510ms)
				ProcessInitializeOnLoadMethodAttributes (6ms)
				AfterProcessingInitializeOnLoad (7ms)
				EditorAssembliesLoaded (0ms)
			ExecutionOrderSort2 (0ms)
			AwakeInstancesAfterBackupRestoration (15ms)
Platform modules already initialized, skipping
Refreshing native plugins compatible for Editor in 0.79 ms, found 2 plugins.
Preloading 0 native plugins for Editor in 0.00 ms.
Unloading 3528 Unused Serialized files (Serialized files now loaded: 0)
System memory in use before: 177.3 MB.
System memory in use after: 177.5 MB.

Unloading 15 unused Assets to reduce memory usage. Loaded Objects now: 4403.
Total: 6.353700 ms (FindLiveObjects: 0.398600 ms CreateObjectMapping: 0.298900 ms MarkObjects: 5.629600 ms  DeleteObjects: 0.025100 ms)

AssetImportParameters requested are different than current active one (requested -> active):
  custom:framework-win-MediaFoundation: 216162199b28c13a410421893ffa2e32 -> 
  custom:video-decoder-ogg-theora: a1e56fd34408186e4bbccfd4996cb3dc -> 
  custom:container-muxer-webm: aa71ff27fc2769a1b78a27578f13a17b -> 
  custom:container-demuxer-webm: 4f35f7cbe854078d1ac9338744f61a02 -> 
  custom:container-demuxer-ogg: 62fdf1f143b41e24485cea50d1cbac27 -> 
  custom:video-encoder-webm-vp8: eb34c28f22e8b96e1ab97ce403110664 -> 
  custom:video-decoder-webm-vp8: 9c59270c3fd7afecdb556c50c9e8de78 -> 
  custom:audio-decoder-ogg-vorbis: bf7c407c2cedff20999df2af8eb42d56 -> 
  custom:audio-encoder-webm-vorbis: bf7c407c2cedff20999df2af8eb42d56 -> 
