Using pre-set license
Built from '2020.3/staging' branch; Version is '2020.3.17f1 (a4537701e4ab) revision 10769271'; Using compiler version '192528614'; Build Type 'Release'
OS: 'Windows 10 Home Single Language; OS build 19043.1288; Version 2009; 64bit' Language: 'en' Physical Memory: 8075 MB
BatchMode: 1, IsHumanControllingUs: 0, StartBugReporterOnCrash: 0, Is64bit: 1, IsPro: 0

COMMAND LINE ARGUMENTS:
C:\Program Files\Unity\Hub\Editor\2020.3.17f1\Editor\Unity.exe
-adb2
-batchMode
-noUpm
-name
AssetImportWorker0
-projectPath
F:/Rubberlab-3D-game
-logFile
Logs/AssetImportWorker0.log
-srvPort
58215
Successfully changed project path to: F:/Rubberlab-3D-game
F:/Rubberlab-3D-game
Using Asset Import Pipeline V2.
Refreshing native plugins compatible for Editor in 129.10 ms, found 2 plugins.
Preloading 0 native plugins for Editor in 0.00 ms.
Initialize engine version: 2020.3.17f1 (a4537701e4ab)
[Subsystems] Discovering subsystems at path C:/Program Files/Unity/Hub/Editor/2020.3.17f1/Editor/Data/Resources/UnitySubsystems
[Subsystems] Discovering subsystems at path F:/Rubberlab-3D-game/Assets
GfxDevice: creating device client; threaded=0
Direct3D:
    Version:  Direct3D 11.0 [level 11.1]
    Renderer: NVIDIA GeForce GTX 1050 (ID=0x1c8d)
    Vendor:   
    VRAM:     4021 MB
    Driver:   24.21.13.9924
Initialize mono
Mono path[0] = 'C:/Program Files/Unity/Hub/Editor/2020.3.17f1/Editor/Data/Managed'
Mono path[1] = 'C:/Program Files/Unity/Hub/Editor/2020.3.17f1/Editor/Data/MonoBleedingEdge/lib/mono/unityjit'
Mono config path = 'C:/Program Files/Unity/Hub/Editor/2020.3.17f1/Editor/Data/MonoBleedingEdge/etc'
Using monoOptions --debugger-agent=transport=dt_socket,embedding=1,server=y,suspend=n,address=127.0.0.1:56612
Begin MonoManager ReloadAssembly
Registering precompiled unity dll's ...
Register platform support module: C:/Program Files/Unity/Hub/Editor/2020.3.17f1/Editor/Data/PlaybackEngines/WindowsStandaloneSupport/UnityEditor.WindowsStandalone.Extensions.dll
Registered in 0.020440 seconds.
Native extension for WindowsStandalone target not found
Refreshing native plugins compatible for Editor in 103.67 ms, found 2 plugins.
Preloading 0 native plugins for Editor in 0.00 ms.
Mono: successfully reloaded assembly
- Completed reload, in  6.534 seconds
Domain Reload Profiling:
	ReloadAssembly (6534ms)
		BeginReloadAssembly (132ms)
			ExecutionOrderSort (0ms)
			DisableScriptedObjects (0ms)
			BackupInstance (0ms)
			ReleaseScriptingObjects (0ms)
			CreateAndSetChildDomain (2ms)
		EndReloadAssembly (720ms)
			LoadAssemblies (141ms)
			RebuildTransferFunctionScriptingTraits (0ms)
			SetupTypeCache (214ms)
			ReleaseScriptCaches (0ms)
			RebuildScriptCaches (35ms)
			SetupLoadedEditorAssemblies (351ms)
				LogAssemblyErrors (0ms)
				InitializePlatformSupportModulesInManaged (5ms)
				SetLoadedEditorAssemblies (1ms)
				RefreshPlugins (104ms)
				BeforeProcessingInitializeOnLoad (31ms)
				ProcessInitializeOnLoadAttributes (142ms)
				ProcessInitializeOnLoadMethodAttributes (69ms)
				AfterProcessingInitializeOnLoad (0ms)
				EditorAssembliesLoaded (0ms)
			ExecutionOrderSort2 (0ms)
			AwakeInstancesAfterBackupRestoration (0ms)
Platform modules already initialized, skipping
Registering precompiled user dll's ...
Registered in 0.695763 seconds.
Begin MonoManager ReloadAssembly
Native extension for WindowsStandalone target not found
Refreshing native plugins compatible for Editor in 103.69 ms, found 2 plugins.
Preloading 0 native plugins for Editor in 0.00 ms.
Mono: successfully reloaded assembly
- Completed reload, in  3.637 seconds
Domain Reload Profiling:
	ReloadAssembly (3638ms)
		BeginReloadAssembly (186ms)
			ExecutionOrderSort (0ms)
			DisableScriptedObjects (5ms)
			BackupInstance (0ms)
			ReleaseScriptingObjects (0ms)
			CreateAndSetChildDomain (21ms)
		EndReloadAssembly (3354ms)
			LoadAssemblies (791ms)
			RebuildTransferFunctionScriptingTraits (0ms)
			SetupTypeCache (440ms)
			ReleaseScriptCaches (1ms)
			RebuildScriptCaches (102ms)
			SetupLoadedEditorAssemblies (1851ms)
				LogAssemblyErrors (0ms)
				InitializePlatformSupportModulesInManaged (4ms)
				SetLoadedEditorAssemblies (0ms)
				RefreshPlugins (104ms)
				BeforeProcessingInitializeOnLoad (123ms)
				ProcessInitializeOnLoadAttributes (451ms)
				ProcessInitializeOnLoadMethodAttributes (1161ms)
				AfterProcessingInitializeOnLoad (8ms)
				EditorAssembliesLoaded (0ms)
			ExecutionOrderSort2 (0ms)
			AwakeInstancesAfterBackupRestoration (7ms)
Platform modules already initialized, skipping
========================================================================
Worker process is ready to serve import requests
Launched and connected shader compiler UnityShaderCompiler.exe after 0.20 seconds
Refreshing native plugins compatible for Editor in 0.83 ms, found 2 plugins.
Preloading 0 native plugins for Editor in 0.00 ms.
Unloading 3847 Unused Serialized files (Serialized files now loaded: 0)
System memory in use before: 205.5 MB.
System memory in use after: 205.7 MB.

Unloading 20 unused Assets to reduce memory usage. Loaded Objects now: 4300.
Total: 4.953300 ms (FindLiveObjects: 0.370500 ms CreateObjectMapping: 0.278600 ms MarkObjects: 4.222700 ms  DeleteObjects: 0.079800 ms)

AssetImportParameters requested are different than current active one (requested -> active):
  custom:framework-win-MediaFoundation: 216162199b28c13a410421893ffa2e32 -> 
  custom:video-decoder-ogg-theora: a1e56fd34408186e4bbccfd4996cb3dc -> 
  custom:container-muxer-webm: aa71ff27fc2769a1b78a27578f13a17b -> 
  custom:container-demuxer-webm: 4f35f7cbe854078d1ac9338744f61a02 -> 
  custom:container-demuxer-ogg: 62fdf1f143b41e24485cea50d1cbac27 -> 
  custom:video-encoder-webm-vp8: eb34c28f22e8b96e1ab97ce403110664 -> 
  custom:video-decoder-webm-vp8: 9c59270c3fd7afecdb556c50c9e8de78 -> 
  custom:audio-decoder-ogg-vorbis: bf7c407c2cedff20999df2af8eb42d56 -> 
  custom:audio-encoder-webm-vorbis: bf7c407c2cedff20999df2af8eb42d56 -> 
========================================================================
Received Import Request.
  path: Assets/Scenes/Level3.unity
  artifactKey: Guid(44610f54c35de3240b2d4db8ec268638) Importer(815301076,1909f56bfc062723c751e8b465ee728b)
Start importing Assets/Scenes/Level3.unity using Guid(44610f54c35de3240b2d4db8ec268638) Importer(815301076,1909f56bfc062723c751e8b465ee728b)  -> (artifact id: '4e86cc01f2d65cd52c59cd88fd9883a7') in 0.027614 seconds 
  Import took 0.056789 seconds .

========================================================================
Received Import Request.
  Time since last request: 198.347953 seconds.
  path: Assets/Environment/untitled.fbx
  artifactKey: Guid(fed697219f632124a8b0018863e8bf48) Importer(815301076,1909f56bfc062723c751e8b465ee728b)
Start importing Assets/Environment/untitled.fbx using Guid(fed697219f632124a8b0018863e8bf48) Importer(815301076,1909f56bfc062723c751e8b465ee728b) Launched and connected shader compiler UnityShaderCompiler.exe after 0.13 seconds
Launched and connected shader compiler UnityShaderCompiler.exe after 0.12 seconds
Launched and connected shader compiler UnityShaderCompiler.exe after 0.14 seconds
Launched and connected shader compiler UnityShaderCompiler.exe after 0.11 seconds
Launched and connected shader compiler UnityShaderCompiler.exe after 0.13 seconds
Launched and connected shader compiler UnityShaderCompiler.exe after 0.13 seconds
Launched and connected shader compiler UnityShaderCompiler.exe after 0.10 seconds
 -> (artifact id: 'e1184f2a48ca6b4145d67fac2fecfb77') in 5.287282 seconds 
  Import took 5.339508 seconds .

========================================================================
Received Import Request.
  Time since last request: 2075.236890 seconds.
  path: Assets/Environment/kantin.fbx
  artifactKey: Guid(3958a49f7a122f340a3f81a35bd16549) Importer(815301076,1909f56bfc062723c751e8b465ee728b)
Start importing Assets/Environment/kantin.fbx using Guid(3958a49f7a122f340a3f81a35bd16549) Importer(815301076,1909f56bfc062723c751e8b465ee728b)  -> (artifact id: '6b2858c321e192dd9f21442bdbe0e42e') in 0.903630 seconds 
  Import took 0.960548 seconds .

========================================================================
Received Import Request.
  Time since last request: 244.527705 seconds.
  path: Assets/Scenes/Level3.unity
  artifactKey: Guid(44610f54c35de3240b2d4db8ec268638) Importer(815301076,1909f56bfc062723c751e8b465ee728b)
Start importing Assets/Scenes/Level3.unity using Guid(44610f54c35de3240b2d4db8ec268638) Importer(815301076,1909f56bfc062723c751e8b465ee728b)  -> (artifact id: '95c274644df6186d4eae64c9cf27e2ae') in 0.024099 seconds 
  Import took 0.134270 seconds .

========================================================================
Received Import Request.
  Time since last request: 77.670669 seconds.
  path: Assets/Scenes/MainMenu
  artifactKey: Guid(ba20b268d596073438d1b6568a5a2818) Importer(815301076,1909f56bfc062723c751e8b465ee728b)
Start importing Assets/Scenes/MainMenu using Guid(ba20b268d596073438d1b6568a5a2818) Importer(815301076,1909f56bfc062723c751e8b465ee728b)  -> (artifact id: 'c37653797e8f730ba9e1f2715ad3d092') in 0.110105 seconds 
  Import took 0.144353 seconds .

========================================================================
Received Import Request.
  Time since last request: 272.343431 seconds.
  path: Assets/Environment/kantin2.fbx
  artifactKey: Guid(07f0fe170c5c61e49bc646dbbe78ab6c) Importer(815301076,1909f56bfc062723c751e8b465ee728b)
Start importing Assets/Environment/kantin2.fbx using Guid(07f0fe170c5c61e49bc646dbbe78ab6c) Importer(815301076,1909f56bfc062723c751e8b465ee728b)  -> (artifact id: '192195d8bec90a5a6f1558fa028e26bc') in 0.554191 seconds 
  Import took 0.588683 seconds .

========================================================================
Received Import Request.
  Time since last request: 207.054376 seconds.
  path: Assets/Scenes/Level3.unity
  artifactKey: Guid(44610f54c35de3240b2d4db8ec268638) Importer(815301076,1909f56bfc062723c751e8b465ee728b)
Start importing Assets/Scenes/Level3.unity using Guid(44610f54c35de3240b2d4db8ec268638) Importer(815301076,1909f56bfc062723c751e8b465ee728b)  -> (artifact id: 'ce99b5a5698e419b16b65bf0ed4f9c2c') in 0.125214 seconds 
  Import took 0.420037 seconds .

========================================================================
Received Import Request.
  Time since last request: 714.927108 seconds.
  path: Assets/Material
  artifactKey: Guid(7b97da80e68f0b64492a09e6bc18dbf3) Importer(815301076,1909f56bfc062723c751e8b465ee728b)
Start importing Assets/Material using Guid(7b97da80e68f0b64492a09e6bc18dbf3) Importer(815301076,1909f56bfc062723c751e8b465ee728b)  -> (artifact id: 'b958389f8b9bc1ee5d2f1a1b32952a25') in 0.024459 seconds 
  Import took 0.064340 seconds .

========================================================================
Received Import Request.
  Time since last request: 13.482306 seconds.
  path: Assets/Environment/meja2v.fbx
  artifactKey: Guid(631af70cd8e853d4da85f331bd56849c) Importer(815301076,1909f56bfc062723c751e8b465ee728b)
Start importing Assets/Environment/meja2v.fbx using Guid(631af70cd8e853d4da85f331bd56849c) Importer(815301076,1909f56bfc062723c751e8b465ee728b)  -> (artifact id: 'ae9eb64a3572ee06a5706ef084f28473') in 0.353869 seconds 
  Import took 0.386246 seconds .

========================================================================
Received Import Request.
  Time since last request: 0.506540 seconds.
  path: Assets/Environment/Kursi2v.fbx
  artifactKey: Guid(c501b0ea94883a340aa5a7adf3a8f6ce) Importer(815301076,1909f56bfc062723c751e8b465ee728b)
Start importing Assets/Environment/Kursi2v.fbx using Guid(c501b0ea94883a340aa5a7adf3a8f6ce) Importer(815301076,1909f56bfc062723c751e8b465ee728b)  -> (artifact id: 'c868ab8d87e013fe8779151f7489e553') in 0.127246 seconds 
  Import took 0.160364 seconds .

AssetImportWorkerClient::OnTransportError - code=2 error=End of file
