Using pre-set license
Built from '2020.3/staging' branch; Version is '2020.3.17f1 (a4537701e4ab) revision 10769271'; Using compiler version '192528614'; Build Type 'Release'
OS: 'Windows 10 Pro; OS build 19043.1348; Version 2009; 64bit' Language: 'en' Physical Memory: 8034 MB
BatchMode: 1, IsHumanControllingUs: 0, StartBugReporterOnCrash: 0, Is64bit: 1, IsPro: 0

COMMAND LINE ARGUMENTS:
C:\Program Files\Unity\Hub\Editor\2020.3.17f1\Editor\Unity.exe
-adb2
-batchMode
-noUpm
-name
AssetImportWorker3
-projectPath
C:/Kuliah/SEMESTER 5/PRAKTEK PRODUKSI GAME 3D/Unity/Rubberlab-3D-game
-logFile
Logs/AssetImportWorker3.log
-srvPort
51877
Successfully changed project path to: C:/Kuliah/SEMESTER 5/PRAKTEK PRODUKSI GAME 3D/Unity/Rubberlab-3D-game
C:/Kuliah/SEMESTER 5/PRAKTEK PRODUKSI GAME 3D/Unity/Rubberlab-3D-game
Using Asset Import Pipeline V2.
Refreshing native plugins compatible for Editor in 109.03 ms, found 2 plugins.
Preloading 0 native plugins for Editor in 0.00 ms.
Initialize engine version: 2020.3.17f1 (a4537701e4ab)
[Subsystems] Discovering subsystems at path C:/Program Files/Unity/Hub/Editor/2020.3.17f1/Editor/Data/Resources/UnitySubsystems
[Subsystems] Discovering subsystems at path C:/Kuliah/SEMESTER 5/PRAKTEK PRODUKSI GAME 3D/Unity/Rubberlab-3D-game/Assets
GfxDevice: creating device client; threaded=0
Direct3D:
    Version:  Direct3D 11.0 [level 11.1]
    Renderer: NVIDIA GeForce GTX 1050 (ID=0x1c8d)
    Vendor:   
    VRAM:     4019 MB
    Driver:   30.0.14.9676
Initialize mono
Mono path[0] = 'C:/Program Files/Unity/Hub/Editor/2020.3.17f1/Editor/Data/Managed'
Mono path[1] = 'C:/Program Files/Unity/Hub/Editor/2020.3.17f1/Editor/Data/MonoBleedingEdge/lib/mono/unityjit'
Mono config path = 'C:/Program Files/Unity/Hub/Editor/2020.3.17f1/Editor/Data/MonoBleedingEdge/etc'
Using monoOptions --debugger-agent=transport=dt_socket,embedding=1,server=y,suspend=n,address=127.0.0.1:56016
Begin MonoManager ReloadAssembly
Registering precompiled unity dll's ...
Register platform support module: C:/Program Files/Unity/Hub/Editor/2020.3.17f1/Editor/Data/PlaybackEngines/WebGLSupport/UnityEditor.WebGL.Extensions.dll
Register platform support module: C:/Program Files/Unity/Hub/Editor/2020.3.17f1/Editor/Data/PlaybackEngines/WindowsStandaloneSupport/UnityEditor.WindowsStandalone.Extensions.dll
Registered in 0.003352 seconds.
Native extension for WindowsStandalone target not found
Native extension for WebGL target not found
Refreshing native plugins compatible for Editor in 108.94 ms, found 2 plugins.
Preloading 0 native plugins for Editor in 0.00 ms.
Mono: successfully reloaded assembly
- Completed reload, in  1.804 seconds
Domain Reload Profiling:
	ReloadAssembly (1804ms)
		BeginReloadAssembly (81ms)
			ExecutionOrderSort (0ms)
			DisableScriptedObjects (0ms)
			BackupInstance (0ms)
			ReleaseScriptingObjects (0ms)
			CreateAndSetChildDomain (1ms)
		EndReloadAssembly (623ms)
			LoadAssemblies (77ms)
			RebuildTransferFunctionScriptingTraits (0ms)
			SetupTypeCache (207ms)
			ReleaseScriptCaches (0ms)
			RebuildScriptCaches (44ms)
			SetupLoadedEditorAssemblies (271ms)
				LogAssemblyErrors (0ms)
				InitializePlatformSupportModulesInManaged (6ms)
				SetLoadedEditorAssemblies (0ms)
				RefreshPlugins (109ms)
				BeforeProcessingInitializeOnLoad (10ms)
				ProcessInitializeOnLoadAttributes (110ms)
				ProcessInitializeOnLoadMethodAttributes (36ms)
				AfterProcessingInitializeOnLoad (0ms)
				EditorAssembliesLoaded (0ms)
			ExecutionOrderSort2 (0ms)
			AwakeInstancesAfterBackupRestoration (0ms)
Platform modules already initialized, skipping
Registering precompiled user dll's ...
Registered in 0.008452 seconds.
Begin MonoManager ReloadAssembly
Native extension for WindowsStandalone target not found
Native extension for WebGL target not found
Refreshing native plugins compatible for Editor in 121.57 ms, found 2 plugins.
Preloading 0 native plugins for Editor in 0.00 ms.
Mono: successfully reloaded assembly
- Completed reload, in  3.223 seconds
Domain Reload Profiling:
	ReloadAssembly (3224ms)
		BeginReloadAssembly (210ms)
			ExecutionOrderSort (0ms)
			DisableScriptedObjects (8ms)
			BackupInstance (0ms)
			ReleaseScriptingObjects (0ms)
			CreateAndSetChildDomain (26ms)
		EndReloadAssembly (2929ms)
			LoadAssemblies (137ms)
			RebuildTransferFunctionScriptingTraits (0ms)
			SetupTypeCache (538ms)
			ReleaseScriptCaches (1ms)
			RebuildScriptCaches (114ms)
			SetupLoadedEditorAssemblies (1943ms)
				LogAssemblyErrors (0ms)
				InitializePlatformSupportModulesInManaged (7ms)
				SetLoadedEditorAssemblies (0ms)
				RefreshPlugins (122ms)
				BeforeProcessingInitializeOnLoad (142ms)
				ProcessInitializeOnLoadAttributes (500ms)
				ProcessInitializeOnLoadMethodAttributes (1161ms)
				AfterProcessingInitializeOnLoad (11ms)
				EditorAssembliesLoaded (0ms)
			ExecutionOrderSort2 (0ms)
			AwakeInstancesAfterBackupRestoration (9ms)
Platform modules already initialized, skipping
========================================================================
Worker process is ready to serve import requests
Launched and connected shader compiler UnityShaderCompiler.exe after 0.40 seconds
Refreshing native plugins compatible for Editor in 1.08 ms, found 2 plugins.
Preloading 0 native plugins for Editor in 0.00 ms.
Unloading 3848 Unused Serialized files (Serialized files now loaded: 0)
System memory in use before: 191.8 MB.
System memory in use after: 192.0 MB.

Unloading 20 unused Assets to reduce memory usage. Loaded Objects now: 4299.
Total: 8.004700 ms (FindLiveObjects: 0.793500 ms CreateObjectMapping: 0.432200 ms MarkObjects: 6.676900 ms  DeleteObjects: 0.100100 ms)

AssetImportParameters requested are different than current active one (requested -> active):
  custom:framework-win-MediaFoundation: 216162199b28c13a410421893ffa2e32 -> 
  custom:video-decoder-ogg-theora: a1e56fd34408186e4bbccfd4996cb3dc -> 
  custom:container-muxer-webm: aa71ff27fc2769a1b78a27578f13a17b -> 
  custom:container-demuxer-webm: 4f35f7cbe854078d1ac9338744f61a02 -> 
  custom:container-demuxer-ogg: 62fdf1f143b41e24485cea50d1cbac27 -> 
  custom:video-encoder-webm-vp8: eb34c28f22e8b96e1ab97ce403110664 -> 
  custom:video-decoder-webm-vp8: 9c59270c3fd7afecdb556c50c9e8de78 -> 
  custom:audio-decoder-ogg-vorbis: bf7c407c2cedff20999df2af8eb42d56 -> 
  custom:audio-encoder-webm-vorbis: bf7c407c2cedff20999df2af8eb42d56 -> 
========================================================================
Received Import Request.
  path: Assets/Prefab/enemyGuru.prefab
  artifactKey: Guid(fce01a85877b6d94ca8926a818e6dfc1) Importer(815301076,1909f56bfc062723c751e8b465ee728b)
Start importing Assets/Prefab/enemyGuru.prefab using Guid(fce01a85877b6d94ca8926a818e6dfc1) Importer(815301076,1909f56bfc062723c751e8b465ee728b) Launched and connected shader compiler UnityShaderCompiler.exe after 0.84 seconds
Launched and connected shader compiler UnityShaderCompiler.exe after 0.12 seconds
Launched and connected shader compiler UnityShaderCompiler.exe after 0.52 seconds
Launched and connected shader compiler UnityShaderCompiler.exe after 0.31 seconds
Launched and connected shader compiler UnityShaderCompiler.exe after 0.19 seconds
Launched and connected shader compiler UnityShaderCompiler.exe after 0.20 seconds
Launched and connected shader compiler UnityShaderCompiler.exe after 0.33 seconds
 -> (artifact id: '007409ca8270c80a775cbc3ef05110aa') in 6.597017 seconds 
  Import took 6.732177 seconds .

========================================================================
Received Prepare
Refreshing native plugins compatible for Editor in 5.62 ms, found 2 plugins.
Preloading 0 native plugins for Editor in 0.00 ms.
Unloading 12 Unused Serialized files (Serialized files now loaded: 0)
System memory in use before: 133.2 MB.
System memory in use after: 133.4 MB.

Unloading 12 unused Assets to reduce memory usage. Loaded Objects now: 4624.
Total: 50.754100 ms (FindLiveObjects: 0.494200 ms CreateObjectMapping: 0.212500 ms MarkObjects: 50.017900 ms  DeleteObjects: 0.028500 ms)

AssetImportParameters requested are different than current active one (requested -> active):
  custom:framework-win-MediaFoundation: 216162199b28c13a410421893ffa2e32 -> 
  custom:video-decoder-ogg-theora: a1e56fd34408186e4bbccfd4996cb3dc -> 
  custom:container-muxer-webm: aa71ff27fc2769a1b78a27578f13a17b -> 
  custom:container-demuxer-webm: 4f35f7cbe854078d1ac9338744f61a02 -> 
  custom:container-demuxer-ogg: 62fdf1f143b41e24485cea50d1cbac27 -> 
  custom:video-encoder-webm-vp8: eb34c28f22e8b96e1ab97ce403110664 -> 
  custom:video-decoder-webm-vp8: 9c59270c3fd7afecdb556c50c9e8de78 -> 
  custom:audio-decoder-ogg-vorbis: bf7c407c2cedff20999df2af8eb42d56 -> 
  custom:audio-encoder-webm-vorbis: bf7c407c2cedff20999df2af8eb42d56 -> 
========================================================================
Received Import Request.
  Time since last request: 72.011335 seconds.
  path: Assets/Prefab/enemyBocah.prefab
  artifactKey: Guid(53e2485f6186ee249875be58de3c75b7) Importer(815301076,1909f56bfc062723c751e8b465ee728b)
Start importing Assets/Prefab/enemyBocah.prefab using Guid(53e2485f6186ee249875be58de3c75b7) Importer(815301076,1909f56bfc062723c751e8b465ee728b)  -> (artifact id: 'b677fc3f8b9029e27bfefecf7f0fea0e') in 0.851459 seconds 
  Import took 0.896640 seconds .

========================================================================
Received Import Request.
  Time since last request: 14.248092 seconds.
  path: Assets/Prefab/enemyGuru.prefab
  artifactKey: Guid(fce01a85877b6d94ca8926a818e6dfc1) Importer(815301076,1909f56bfc062723c751e8b465ee728b)
Start importing Assets/Prefab/enemyGuru.prefab using Guid(fce01a85877b6d94ca8926a818e6dfc1) Importer(815301076,1909f56bfc062723c751e8b465ee728b)  -> (artifact id: '554e350c5727ddaa3c06420aa868bdad') in 0.276672 seconds 
  Import took 0.335466 seconds .

========================================================================
Received Import Request.
  Time since last request: 113.498862 seconds.
  path: Assets/Animation/3D Animasi/Siswi/SiswiRunR.fbx
  artifactKey: Guid(5345c92ca14c21c4ba11dbb716a24a7e) Importer(815301076,1909f56bfc062723c751e8b465ee728b)
Start importing Assets/Animation/3D Animasi/Siswi/SiswiRunR.fbx using Guid(5345c92ca14c21c4ba11dbb716a24a7e) Importer(815301076,1909f56bfc062723c751e8b465ee728b)  -> (artifact id: 'd83400815b4beb0c41e5a42a5e7b542d') in 6.204413 seconds 
  Import took 6.316216 seconds .

========================================================================
Received Import Request.
  Time since last request: 0.000195 seconds.
  path: Assets/Animation/3D Animasi/Siswi/SiswiIdle.fbx
  artifactKey: Guid(b6e5016678a014d48830676ddda2db0e) Importer(815301076,1909f56bfc062723c751e8b465ee728b)
Start importing Assets/Animation/3D Animasi/Siswi/SiswiIdle.fbx using Guid(b6e5016678a014d48830676ddda2db0e) Importer(815301076,1909f56bfc062723c751e8b465ee728b)  -> (artifact id: '564030b8730a55488c9eacce49900b85') in 0.346708 seconds 
  Import took 0.379964 seconds .

========================================================================
Received Import Request.
  Time since last request: 0.000205 seconds.
  path: Assets/Animation/3D Animasi/Siswi/SiswiRunShootR.fbx
  artifactKey: Guid(4cdbd4db8ecb8e943916f19c61d1fb28) Importer(815301076,1909f56bfc062723c751e8b465ee728b)
Start importing Assets/Animation/3D Animasi/Siswi/SiswiRunShootR.fbx using Guid(4cdbd4db8ecb8e943916f19c61d1fb28) Importer(815301076,1909f56bfc062723c751e8b465ee728b)  -> (artifact id: '798425ec34a39a99cc6ed0aeb42a67db') in 0.308356 seconds 
  Import took 0.447560 seconds .

========================================================================
Received Import Request.
  Time since last request: 0.000184 seconds.
  path: Assets/Animation/3D Animasi/Guru/GuruRunning.fbx
  artifactKey: Guid(a907a541d70673940af1c2226e1a1734) Importer(815301076,1909f56bfc062723c751e8b465ee728b)
Start importing Assets/Animation/3D Animasi/Guru/GuruRunning.fbx using Guid(a907a541d70673940af1c2226e1a1734) Importer(815301076,1909f56bfc062723c751e8b465ee728b)  -> (artifact id: '6a8b310ac40a280fd6e7a13ab788fb7d') in 1.759899 seconds 
  Import took 1.822023 seconds .

========================================================================
Received Import Request.
  Time since last request: 0.000231 seconds.
  path: Assets/Animation/3D Animasi/Guru/Guruidle.fbx
  artifactKey: Guid(dcd1f8ba90862694e884bb8c6093f88c) Importer(815301076,1909f56bfc062723c751e8b465ee728b)
Start importing Assets/Animation/3D Animasi/Guru/Guruidle.fbx using Guid(dcd1f8ba90862694e884bb8c6093f88c) Importer(815301076,1909f56bfc062723c751e8b465ee728b)  -> (artifact id: 'e3b94b2f47a61b32b13e6d4032d3d2ca') in 0.208171 seconds 
  Import took 0.249976 seconds .

========================================================================
Received Import Request.
  Time since last request: 0.000213 seconds.
  path: Assets/Animation/3D Animasi/Guru/gurumenangkap.fbx
  artifactKey: Guid(a8db1e8acf3f65d4081e0cc0b0678df3) Importer(815301076,1909f56bfc062723c751e8b465ee728b)
Start importing Assets/Animation/3D Animasi/Guru/gurumenangkap.fbx using Guid(a8db1e8acf3f65d4081e0cc0b0678df3) Importer(815301076,1909f56bfc062723c751e8b465ee728b)  -> (artifact id: 'ab51128378a487c2734bbfffaee70525') in 0.296589 seconds 
  Import took 0.344239 seconds .

========================================================================
Received Import Request.
  Time since last request: 0.000283 seconds.
  path: Assets/Animation/3D Animasi/Guru/Guruidle.fbx
  artifactKey: Guid(dcd1f8ba90862694e884bb8c6093f88c) Importer(815301076,1909f56bfc062723c751e8b465ee728b)
Start importing Assets/Animation/3D Animasi/Guru/Guruidle.fbx using Guid(dcd1f8ba90862694e884bb8c6093f88c) Importer(815301076,1909f56bfc062723c751e8b465ee728b)  -> (artifact id: 'e3b94b2f47a61b32b13e6d4032d3d2ca') in 0.126021 seconds 
  Import took 0.166052 seconds .

========================================================================
Received Import Request.
  Time since last request: 0.000210 seconds.
  path: Assets/Animation/3D Animasi
  artifactKey: Guid(5c34c8338dceaf042942b85f3fb2cf67) Importer(815301076,1909f56bfc062723c751e8b465ee728b)
Start importing Assets/Animation/3D Animasi using Guid(5c34c8338dceaf042942b85f3fb2cf67) Importer(815301076,1909f56bfc062723c751e8b465ee728b)  -> (artifact id: 'd5685b9ef1a4d9bc81dfba19542c38e5') in 0.022134 seconds 
  Import took 0.076199 seconds .

========================================================================
Received Import Request.
  Time since last request: 0.000172 seconds.
  path: Assets/Animation/3D Animasi/Guru
  artifactKey: Guid(68e2160cd21bb944a8f0741f25efc73a) Importer(815301076,1909f56bfc062723c751e8b465ee728b)
Start importing Assets/Animation/3D Animasi/Guru using Guid(68e2160cd21bb944a8f0741f25efc73a) Importer(815301076,1909f56bfc062723c751e8b465ee728b)  -> (artifact id: '02705420b1e1207dd335b98c887ef0dc') in 0.139921 seconds 
  Import took 0.218693 seconds .

========================================================================
Received Import Request.
  Time since last request: 0.000176 seconds.
  path: Assets/Animation/3D Animasi/Tangan/tangan(Loaded).fbx
  artifactKey: Guid(9da4d7ca5ea46b949adf0edc37f5e0e9) Importer(815301076,1909f56bfc062723c751e8b465ee728b)
Start importing Assets/Animation/3D Animasi/Tangan/tangan(Loaded).fbx using Guid(9da4d7ca5ea46b949adf0edc37f5e0e9) Importer(815301076,1909f56bfc062723c751e8b465ee728b)  -> (artifact id: '4b4d3e179415e8a7f6c4bb11c28a0236') in 0.309459 seconds 
  Import took 0.353626 seconds .

========================================================================
Received Import Request.
  Time since last request: 0.000247 seconds.
  path: Assets/Animation/3D Animasi/Tangan/tanganKosong.fbx
  artifactKey: Guid(7da6e8437c1924a41a6bc5d03d08d2a2) Importer(815301076,1909f56bfc062723c751e8b465ee728b)
Start importing Assets/Animation/3D Animasi/Tangan/tanganKosong.fbx using Guid(7da6e8437c1924a41a6bc5d03d08d2a2) Importer(815301076,1909f56bfc062723c751e8b465ee728b)  -> (artifact id: 'b954cabb5402c1152fb622fbc5334f39') in 0.596322 seconds 
  Import took 0.656807 seconds .

========================================================================
Received Import Request.
  Time since last request: 29.723181 seconds.
  path: Assets/Scenes/PREFAB SEMUA ENVIE/ALL ENVI/Environment/Pohon/Pohon.fbx
  artifactKey: Guid(05e0a0c11d21f1a48a566bcc98725370) Importer(815301076,1909f56bfc062723c751e8b465ee728b)
Start importing Assets/Scenes/PREFAB SEMUA ENVIE/ALL ENVI/Environment/Pohon/Pohon.fbx using Guid(05e0a0c11d21f1a48a566bcc98725370) Importer(815301076,1909f56bfc062723c751e8b465ee728b)  -> (artifact id: 'a231fdb0c96d0b189598bda22c681d82') in 0.329626 seconds 
  Import took 0.481365 seconds .

========================================================================
Received Import Request.
  Time since last request: 0.000176 seconds.
  path: Assets/Animation/3D Animasi/Enemy3/Enemy3IdleS.fbx
  artifactKey: Guid(3f8005b7279fa60478f7d2e24c4493bb) Importer(815301076,1909f56bfc062723c751e8b465ee728b)
Start importing Assets/Animation/3D Animasi/Enemy3/Enemy3IdleS.fbx using Guid(3f8005b7279fa60478f7d2e24c4493bb) Importer(815301076,1909f56bfc062723c751e8b465ee728b)  -> (artifact id: 'ef0993cfc67b205156c3c216fb800d36') in 0.618530 seconds 
  Import took 0.721153 seconds .

========================================================================
Received Import Request.
  Time since last request: 0.000190 seconds.
  path: Assets/Animation/3D Animasi/Enemy3/Enemy3bLariS.fbx
  artifactKey: Guid(312fd3f0900cd084287ed956361d611e) Importer(815301076,1909f56bfc062723c751e8b465ee728b)
Start importing Assets/Animation/3D Animasi/Enemy3/Enemy3bLariS.fbx using Guid(312fd3f0900cd084287ed956361d611e) Importer(815301076,1909f56bfc062723c751e8b465ee728b)  -> (artifact id: '96f6202a4e5140be61757343aa473064') in 0.662245 seconds 
  Import took 0.767366 seconds .

========================================================================
Received Import Request.
  Time since last request: 0.000176 seconds.
  path: Assets/Animation/3D Animasi/Enemy3/Enemy3bLari.fbx
  artifactKey: Guid(116bb3193fdecb5419321657e85b8d34) Importer(815301076,1909f56bfc062723c751e8b465ee728b)
Start importing Assets/Animation/3D Animasi/Enemy3/Enemy3bLari.fbx using Guid(116bb3193fdecb5419321657e85b8d34) Importer(815301076,1909f56bfc062723c751e8b465ee728b)  -> (artifact id: '768a43a537f4beb229fe304a147975ef') in 0.503718 seconds 
  Import took 0.607063 seconds .

========================================================================
Received Import Request.
  Time since last request: 0.000180 seconds.
  path: Assets/Animation/3D Animasi/Tangan/tangan.fbx
  artifactKey: Guid(aecfc9aad18b2ba4385141e14dcecddb) Importer(815301076,1909f56bfc062723c751e8b465ee728b)
Start importing Assets/Animation/3D Animasi/Tangan/tangan.fbx using Guid(aecfc9aad18b2ba4385141e14dcecddb) Importer(815301076,1909f56bfc062723c751e8b465ee728b)  -> (artifact id: '589ea4193f0b74554569736e1bc6e1f4') in 0.504688 seconds 
  Import took 0.556499 seconds .

========================================================================
Received Import Request.
  Time since last request: 0.000174 seconds.
  path: Assets/Animation/3D Animasi/Siswi/SiswiIdlShoot(rev).fbx
  artifactKey: Guid(0b908a18f3790f64dbf9766c87a1b877) Importer(815301076,1909f56bfc062723c751e8b465ee728b)
Start importing Assets/Animation/3D Animasi/Siswi/SiswiIdlShoot(rev).fbx using Guid(0b908a18f3790f64dbf9766c87a1b877) Importer(815301076,1909f56bfc062723c751e8b465ee728b)  -> (artifact id: 'f168a36adc3aeeea453729c9d1cbe165') in 0.423649 seconds 
  Import took 0.526591 seconds .

========================================================================
Received Import Request.
  Time since last request: 0.000185 seconds.
  path: Assets/Animation/3D Animasi/Enemy3/Enemy3Idle(only).fbx
  artifactKey: Guid(4478dc2bfa6a8e24cbc4588e903fcc0c) Importer(815301076,1909f56bfc062723c751e8b465ee728b)
Start importing Assets/Animation/3D Animasi/Enemy3/Enemy3Idle(only).fbx using Guid(4478dc2bfa6a8e24cbc4588e903fcc0c) Importer(815301076,1909f56bfc062723c751e8b465ee728b)  -> (artifact id: '3a15165599fe5a3510b7f7408789432b') in 0.480412 seconds 
  Import took 0.605569 seconds .

========================================================================
Received Prepare
Registering precompiled user dll's ...
Registered in 0.114978 seconds.
Begin MonoManager ReloadAssembly
Native extension for WindowsStandalone target not found
Native extension for WebGL target not found
Refreshing native plugins compatible for Editor in 0.86 ms, found 2 plugins.
Preloading 0 native plugins for Editor in 0.00 ms.
Mono: successfully reloaded assembly
- Completed reload, in  7.457 seconds
Domain Reload Profiling:
	ReloadAssembly (7545ms)
		BeginReloadAssembly (1937ms)
			ExecutionOrderSort (1ms)
			DisableScriptedObjects (769ms)
			BackupInstance (0ms)
			ReleaseScriptingObjects (0ms)
			CreateAndSetChildDomain (581ms)
		EndReloadAssembly (5457ms)
			LoadAssemblies (1003ms)
			RebuildTransferFunctionScriptingTraits (0ms)
			SetupTypeCache (598ms)
			ReleaseScriptCaches (2ms)
			RebuildScriptCaches (70ms)
			SetupLoadedEditorAssemblies (777ms)
				LogAssemblyErrors (0ms)
				InitializePlatformSupportModulesInManaged (5ms)
				SetLoadedEditorAssemblies (0ms)
				RefreshPlugins (1ms)
				BeforeProcessingInitializeOnLoad (80ms)
				ProcessInitializeOnLoadAttributes (675ms)
				ProcessInitializeOnLoadMethodAttributes (7ms)
				AfterProcessingInitializeOnLoad (7ms)
				EditorAssembliesLoaded (0ms)
			ExecutionOrderSort2 (0ms)
			AwakeInstancesAfterBackupRestoration (10ms)
Platform modules already initialized, skipping
Refreshing native plugins compatible for Editor in 0.95 ms, found 2 plugins.
Preloading 0 native plugins for Editor in 0.00 ms.
Unloading 3546 Unused Serialized files (Serialized files now loaded: 0)
System memory in use before: 208.3 MB.
System memory in use after: 208.6 MB.

Unloading 15 unused Assets to reduce memory usage. Loaded Objects now: 4482.
Total: 6.368200 ms (FindLiveObjects: 0.502300 ms CreateObjectMapping: 0.233600 ms MarkObjects: 5.586600 ms  DeleteObjects: 0.044600 ms)

AssetImportParameters requested are different than current active one (requested -> active):
  custom:framework-win-MediaFoundation: 216162199b28c13a410421893ffa2e32 -> 
  custom:video-decoder-ogg-theora: a1e56fd34408186e4bbccfd4996cb3dc -> 
  custom:container-muxer-webm: aa71ff27fc2769a1b78a27578f13a17b -> 
  custom:container-demuxer-webm: 4f35f7cbe854078d1ac9338744f61a02 -> 
  custom:container-demuxer-ogg: 62fdf1f143b41e24485cea50d1cbac27 -> 
  custom:video-encoder-webm-vp8: eb34c28f22e8b96e1ab97ce403110664 -> 
  custom:video-decoder-webm-vp8: 9c59270c3fd7afecdb556c50c9e8de78 -> 
  custom:audio-decoder-ogg-vorbis: bf7c407c2cedff20999df2af8eb42d56 -> 
  custom:audio-encoder-webm-vorbis: bf7c407c2cedff20999df2af8eb42d56 -> 
========================================================================
Received Import Request.
  Time since last request: 183.799149 seconds.
  path: Assets/Prefab/Player.prefab
  artifactKey: Guid(9928707dc2b86d34e8555bcd3b3b8d86) Importer(815301076,1909f56bfc062723c751e8b465ee728b)
Start importing Assets/Prefab/Player.prefab using Guid(9928707dc2b86d34e8555bcd3b3b8d86) Importer(815301076,1909f56bfc062723c751e8b465ee728b)  -> (artifact id: 'c1a2b529eae029eb57b9667e39be9c2b') in 1.560562 seconds 
  Import took 1.587031 seconds .

========================================================================
Received Import Request.
  Time since last request: 0.000483 seconds.
  path: Assets/Prefab/enemyGuru.prefab
  artifactKey: Guid(fce01a85877b6d94ca8926a818e6dfc1) Importer(815301076,1909f56bfc062723c751e8b465ee728b)
Start importing Assets/Prefab/enemyGuru.prefab using Guid(fce01a85877b6d94ca8926a818e6dfc1) Importer(815301076,1909f56bfc062723c751e8b465ee728b)  -> (artifact id: 'e5d5c143e4f6101fac22937b567f3dd1') in 0.615299 seconds 
  Import took 0.656021 seconds .

========================================================================
Received Prepare
Registering precompiled user dll's ...
Registered in 0.046675 seconds.
Begin MonoManager ReloadAssembly
Native extension for WindowsStandalone target not found
Native extension for WebGL target not found
Refreshing native plugins compatible for Editor in 0.68 ms, found 2 plugins.
Preloading 0 native plugins for Editor in 0.00 ms.
Mono: successfully reloaded assembly
- Completed reload, in  1.607 seconds
Domain Reload Profiling:
	ReloadAssembly (1608ms)
		BeginReloadAssembly (174ms)
			ExecutionOrderSort (0ms)
			DisableScriptedObjects (47ms)
			BackupInstance (0ms)
			ReleaseScriptingObjects (0ms)
			CreateAndSetChildDomain (44ms)
		EndReloadAssembly (1373ms)
			LoadAssemblies (94ms)
			RebuildTransferFunctionScriptingTraits (0ms)
			SetupTypeCache (360ms)
			ReleaseScriptCaches (2ms)
			RebuildScriptCaches (62ms)
			SetupLoadedEditorAssemblies (550ms)
				LogAssemblyErrors (0ms)
				InitializePlatformSupportModulesInManaged (5ms)
				SetLoadedEditorAssemblies (0ms)
				RefreshPlugins (1ms)
				BeforeProcessingInitializeOnLoad (80ms)
				ProcessInitializeOnLoadAttributes (450ms)
				ProcessInitializeOnLoadMethodAttributes (7ms)
				AfterProcessingInitializeOnLoad (7ms)
				EditorAssembliesLoaded (0ms)
			ExecutionOrderSort2 (0ms)
			AwakeInstancesAfterBackupRestoration (20ms)
Platform modules already initialized, skipping
Refreshing native plugins compatible for Editor in 0.77 ms, found 2 plugins.
Preloading 0 native plugins for Editor in 0.00 ms.
Unloading 3532 Unused Serialized files (Serialized files now loaded: 0)
System memory in use before: 208.3 MB.
System memory in use after: 208.5 MB.

Unloading 15 unused Assets to reduce memory usage. Loaded Objects now: 4587.
Total: 3.983100 ms (FindLiveObjects: 0.358800 ms CreateObjectMapping: 0.190700 ms MarkObjects: 3.413400 ms  DeleteObjects: 0.019300 ms)

AssetImportParameters requested are different than current active one (requested -> active):
  custom:framework-win-MediaFoundation: 216162199b28c13a410421893ffa2e32 -> 
  custom:video-decoder-ogg-theora: a1e56fd34408186e4bbccfd4996cb3dc -> 
  custom:container-muxer-webm: aa71ff27fc2769a1b78a27578f13a17b -> 
  custom:container-demuxer-webm: 4f35f7cbe854078d1ac9338744f61a02 -> 
  custom:container-demuxer-ogg: 62fdf1f143b41e24485cea50d1cbac27 -> 
  custom:video-encoder-webm-vp8: eb34c28f22e8b96e1ab97ce403110664 -> 
  custom:video-decoder-webm-vp8: 9c59270c3fd7afecdb556c50c9e8de78 -> 
  custom:audio-decoder-ogg-vorbis: bf7c407c2cedff20999df2af8eb42d56 -> 
  custom:audio-encoder-webm-vorbis: bf7c407c2cedff20999df2af8eb42d56 -> 
========================================================================
Received Import Request.
  Time since last request: 62.293027 seconds.
  path: Assets/Prefab/Karet.prefab
  artifactKey: Guid(2a22d72333ba7994cadfad470043704a) Importer(815301076,1909f56bfc062723c751e8b465ee728b)
Start importing Assets/Prefab/Karet.prefab using Guid(2a22d72333ba7994cadfad470043704a) Importer(815301076,1909f56bfc062723c751e8b465ee728b)  -> (artifact id: '19ffe947e24e66c71cfb082d29a3cf8d') in 0.491427 seconds 
  Import took 0.512168 seconds .

========================================================================
Received Prepare
Registering precompiled user dll's ...
Registered in 0.010125 seconds.
Begin MonoManager ReloadAssembly
Native extension for WindowsStandalone target not found
Native extension for WebGL target not found
Refreshing native plugins compatible for Editor in 0.78 ms, found 2 plugins.
Preloading 0 native plugins for Editor in 0.00 ms.
Mono: successfully reloaded assembly
- Completed reload, in  2.049 seconds
Domain Reload Profiling:
	ReloadAssembly (2050ms)
		BeginReloadAssembly (208ms)
			ExecutionOrderSort (0ms)
			DisableScriptedObjects (37ms)
			BackupInstance (0ms)
			ReleaseScriptingObjects (0ms)
			CreateAndSetChildDomain (66ms)
		EndReloadAssembly (1750ms)
			LoadAssemblies (135ms)
			RebuildTransferFunctionScriptingTraits (0ms)
			SetupTypeCache (485ms)
			ReleaseScriptCaches (2ms)
			RebuildScriptCaches (121ms)
			SetupLoadedEditorAssemblies (604ms)
				LogAssemblyErrors (0ms)
				InitializePlatformSupportModulesInManaged (7ms)
				SetLoadedEditorAssemblies (1ms)
				RefreshPlugins (1ms)
				BeforeProcessingInitializeOnLoad (105ms)
				ProcessInitializeOnLoadAttributes (472ms)
				ProcessInitializeOnLoadMethodAttributes (11ms)
				AfterProcessingInitializeOnLoad (7ms)
				EditorAssembliesLoaded (0ms)
			ExecutionOrderSort2 (0ms)
			AwakeInstancesAfterBackupRestoration (36ms)
Platform modules already initialized, skipping
Refreshing native plugins compatible for Editor in 1.11 ms, found 2 plugins.
Preloading 0 native plugins for Editor in 0.00 ms.
Unloading 3532 Unused Serialized files (Serialized files now loaded: 0)
System memory in use before: 208.6 MB.
System memory in use after: 208.9 MB.

Unloading 15 unused Assets to reduce memory usage. Loaded Objects now: 4691.
Total: 5.375100 ms (FindLiveObjects: 0.446500 ms CreateObjectMapping: 0.184900 ms MarkObjects: 4.718900 ms  DeleteObjects: 0.023500 ms)

AssetImportParameters requested are different than current active one (requested -> active):
  custom:framework-win-MediaFoundation: 216162199b28c13a410421893ffa2e32 -> 
  custom:video-decoder-ogg-theora: a1e56fd34408186e4bbccfd4996cb3dc -> 
  custom:container-muxer-webm: aa71ff27fc2769a1b78a27578f13a17b -> 
  custom:container-demuxer-webm: 4f35f7cbe854078d1ac9338744f61a02 -> 
  custom:container-demuxer-ogg: 62fdf1f143b41e24485cea50d1cbac27 -> 
  custom:video-encoder-webm-vp8: eb34c28f22e8b96e1ab97ce403110664 -> 
  custom:video-decoder-webm-vp8: 9c59270c3fd7afecdb556c50c9e8de78 -> 
  custom:audio-decoder-ogg-vorbis: bf7c407c2cedff20999df2af8eb42d56 -> 
  custom:audio-encoder-webm-vorbis: bf7c407c2cedff20999df2af8eb42d56 -> 
========================================================================
Received Import Request.
  Time since last request: 109.304787 seconds.
  path: Assets/Prefab/enemyGuru.prefab
  artifactKey: Guid(fce01a85877b6d94ca8926a818e6dfc1) Importer(815301076,1909f56bfc062723c751e8b465ee728b)
Start importing Assets/Prefab/enemyGuru.prefab using Guid(fce01a85877b6d94ca8926a818e6dfc1) Importer(815301076,1909f56bfc062723c751e8b465ee728b)  -> (artifact id: '054c2540911d7e7103cd86606c656d88') in 0.989914 seconds 
  Import took 1.028477 seconds .

========================================================================
Received Prepare
Registering precompiled user dll's ...
Registered in 0.005634 seconds.
Begin MonoManager ReloadAssembly
Native extension for WindowsStandalone target not found
Native extension for WebGL target not found
Refreshing native plugins compatible for Editor in 1.51 ms, found 2 plugins.
Preloading 0 native plugins for Editor in 0.00 ms.
Mono: successfully reloaded assembly
- Completed reload, in  1.463 seconds
Domain Reload Profiling:
	ReloadAssembly (1464ms)
		BeginReloadAssembly (152ms)
			ExecutionOrderSort (0ms)
			DisableScriptedObjects (27ms)
			BackupInstance (0ms)
			ReleaseScriptingObjects (0ms)
			CreateAndSetChildDomain (49ms)
		EndReloadAssembly (1250ms)
			LoadAssemblies (93ms)
			RebuildTransferFunctionScriptingTraits (0ms)
			SetupTypeCache (348ms)
			ReleaseScriptCaches (2ms)
			RebuildScriptCaches (65ms)
			SetupLoadedEditorAssemblies (487ms)
				LogAssemblyErrors (0ms)
				InitializePlatformSupportModulesInManaged (7ms)
				SetLoadedEditorAssemblies (1ms)
				RefreshPlugins (2ms)
				BeforeProcessingInitializeOnLoad (109ms)
				ProcessInitializeOnLoadAttributes (349ms)
				ProcessInitializeOnLoadMethodAttributes (10ms)
				AfterProcessingInitializeOnLoad (9ms)
				EditorAssembliesLoaded (0ms)
			ExecutionOrderSort2 (0ms)
			AwakeInstancesAfterBackupRestoration (25ms)
Platform modules already initialized, skipping
Refreshing native plugins compatible for Editor in 0.76 ms, found 2 plugins.
Preloading 0 native plugins for Editor in 0.00 ms.
Unloading 3532 Unused Serialized files (Serialized files now loaded: 0)
System memory in use before: 209.0 MB.
System memory in use after: 209.2 MB.

Unloading 15 unused Assets to reduce memory usage. Loaded Objects now: 4795.
Total: 4.251600 ms (FindLiveObjects: 0.426600 ms CreateObjectMapping: 0.186000 ms MarkObjects: 3.615300 ms  DeleteObjects: 0.022500 ms)

AssetImportParameters requested are different than current active one (requested -> active):
  custom:framework-win-MediaFoundation: 216162199b28c13a410421893ffa2e32 -> 
  custom:video-decoder-ogg-theora: a1e56fd34408186e4bbccfd4996cb3dc -> 
  custom:container-muxer-webm: aa71ff27fc2769a1b78a27578f13a17b -> 
  custom:container-demuxer-webm: 4f35f7cbe854078d1ac9338744f61a02 -> 
  custom:container-demuxer-ogg: 62fdf1f143b41e24485cea50d1cbac27 -> 
  custom:video-encoder-webm-vp8: eb34c28f22e8b96e1ab97ce403110664 -> 
  custom:video-decoder-webm-vp8: 9c59270c3fd7afecdb556c50c9e8de78 -> 
  custom:audio-decoder-ogg-vorbis: bf7c407c2cedff20999df2af8eb42d56 -> 
  custom:audio-encoder-webm-vorbis: bf7c407c2cedff20999df2af8eb42d56 -> 
========================================================================
Received Import Request.
  Time since last request: 210.574238 seconds.
  path: Assets/Animation/3D Animasi/Enemy2/Enemy2.controller
  artifactKey: Guid(96ef91172411d2249b524c3d76671de3) Importer(815301076,1909f56bfc062723c751e8b465ee728b)
Start importing Assets/Animation/3D Animasi/Enemy2/Enemy2.controller using Guid(96ef91172411d2249b524c3d76671de3) Importer(815301076,1909f56bfc062723c751e8b465ee728b)  -> (artifact id: '30020a8bbc4cd29f5bf6010860f1388d') in 0.087099 seconds 
  Import took 0.123188 seconds .

========================================================================
Received Import Request.
  Time since last request: 10.828154 seconds.
  path: Assets/Animation/3D Animasi/Enemy2
  artifactKey: Guid(a34b88f1282702a4baf3651845fbd97f) Importer(815301076,1909f56bfc062723c751e8b465ee728b)
Start importing Assets/Animation/3D Animasi/Enemy2 using Guid(a34b88f1282702a4baf3651845fbd97f) Importer(815301076,1909f56bfc062723c751e8b465ee728b)  -> (artifact id: '08087fc0f3ef694bab89e667962c0161') in 0.013072 seconds 
  Import took 0.037358 seconds .

========================================================================
Received Prepare
Registering precompiled user dll's ...
Registered in 0.005321 seconds.
Begin MonoManager ReloadAssembly
Native extension for WindowsStandalone target not found
Native extension for WebGL target not found
Refreshing native plugins compatible for Editor in 0.89 ms, found 2 plugins.
Preloading 0 native plugins for Editor in 0.00 ms.
Mono: successfully reloaded assembly
- Completed reload, in  1.434 seconds
Domain Reload Profiling:
	ReloadAssembly (1434ms)
		BeginReloadAssembly (131ms)
			ExecutionOrderSort (0ms)
			DisableScriptedObjects (7ms)
			BackupInstance (0ms)
			ReleaseScriptingObjects (0ms)
			CreateAndSetChildDomain (45ms)
		EndReloadAssembly (1230ms)
			LoadAssemblies (115ms)
			RebuildTransferFunctionScriptingTraits (0ms)
			SetupTypeCache (374ms)
			ReleaseScriptCaches (2ms)
			RebuildScriptCaches (68ms)
			SetupLoadedEditorAssemblies (448ms)
				LogAssemblyErrors (0ms)
				InitializePlatformSupportModulesInManaged (5ms)
				SetLoadedEditorAssemblies (0ms)
				RefreshPlugins (1ms)
				BeforeProcessingInitializeOnLoad (82ms)
				ProcessInitializeOnLoadAttributes (345ms)
				ProcessInitializeOnLoadMethodAttributes (6ms)
				AfterProcessingInitializeOnLoad (8ms)
				EditorAssembliesLoaded (0ms)
			ExecutionOrderSort2 (0ms)
			AwakeInstancesAfterBackupRestoration (25ms)
Platform modules already initialized, skipping
Refreshing native plugins compatible for Editor in 0.86 ms, found 2 plugins.
Preloading 0 native plugins for Editor in 0.00 ms.
Unloading 3532 Unused Serialized files (Serialized files now loaded: 0)
System memory in use before: 209.0 MB.
System memory in use after: 209.2 MB.

Unloading 15 unused Assets to reduce memory usage. Loaded Objects now: 4798.
Total: 4.002900 ms (FindLiveObjects: 0.393500 ms CreateObjectMapping: 0.194200 ms MarkObjects: 3.393000 ms  DeleteObjects: 0.021200 ms)

AssetImportParameters requested are different than current active one (requested -> active):
  custom:framework-win-MediaFoundation: 216162199b28c13a410421893ffa2e32 -> 
  custom:video-decoder-ogg-theora: a1e56fd34408186e4bbccfd4996cb3dc -> 
  custom:container-muxer-webm: aa71ff27fc2769a1b78a27578f13a17b -> 
  custom:container-demuxer-webm: 4f35f7cbe854078d1ac9338744f61a02 -> 
  custom:container-demuxer-ogg: 62fdf1f143b41e24485cea50d1cbac27 -> 
  custom:video-encoder-webm-vp8: eb34c28f22e8b96e1ab97ce403110664 -> 
  custom:video-decoder-webm-vp8: 9c59270c3fd7afecdb556c50c9e8de78 -> 
  custom:audio-decoder-ogg-vorbis: bf7c407c2cedff20999df2af8eb42d56 -> 
  custom:audio-encoder-webm-vorbis: bf7c407c2cedff20999df2af8eb42d56 -> 
========================================================================
Received Prepare
Refreshing native plugins compatible for Editor in 3.52 ms, found 2 plugins.
Preloading 0 native plugins for Editor in 0.00 ms.
Unloading 12 Unused Serialized files (Serialized files now loaded: 0)
System memory in use before: 139.6 MB.
System memory in use after: 139.8 MB.

Unloading 12 unused Assets to reduce memory usage. Loaded Objects now: 4798.
Total: 6.310500 ms (FindLiveObjects: 0.409500 ms CreateObjectMapping: 0.255700 ms MarkObjects: 5.625100 ms  DeleteObjects: 0.018900 ms)

AssetImportParameters requested are different than current active one (requested -> active):
  custom:framework-win-MediaFoundation: 216162199b28c13a410421893ffa2e32 -> 
  custom:video-decoder-ogg-theora: a1e56fd34408186e4bbccfd4996cb3dc -> 
  custom:container-muxer-webm: aa71ff27fc2769a1b78a27578f13a17b -> 
  custom:container-demuxer-webm: 4f35f7cbe854078d1ac9338744f61a02 -> 
  custom:container-demuxer-ogg: 62fdf1f143b41e24485cea50d1cbac27 -> 
  custom:video-encoder-webm-vp8: eb34c28f22e8b96e1ab97ce403110664 -> 
  custom:video-decoder-webm-vp8: 9c59270c3fd7afecdb556c50c9e8de78 -> 
  custom:audio-decoder-ogg-vorbis: bf7c407c2cedff20999df2af8eb42d56 -> 
  custom:audio-encoder-webm-vorbis: bf7c407c2cedff20999df2af8eb42d56 -> 
AssetImportWorkerClient::OnTransportError - code=2 error=End of file
