Using pre-set license
Built from '2020.3/staging' branch; Version is '2020.3.17f1 (a4537701e4ab) revision 10769271'; Using compiler version '192528614'; Build Type 'Release'
OS: 'Windows 10 Pro; OS build 19043.1348; Version 2009; 64bit' Language: 'en' Physical Memory: 8034 MB
BatchMode: 1, IsHumanControllingUs: 0, StartBugReporterOnCrash: 0, Is64bit: 1, IsPro: 0

COMMAND LINE ARGUMENTS:
C:\Program Files\Unity\Hub\Editor\2020.3.17f1\Editor\Unity.exe
-adb2
-batchMode
-noUpm
-name
AssetImportWorker2
-projectPath
C:/Kuliah/SEMESTER 5/PRAKTEK PRODUKSI GAME 3D/Unity/Rubberlab-3D-game
-logFile
Logs/AssetImportWorker2.log
-srvPort
62604
Successfully changed project path to: C:/Kuliah/SEMESTER 5/PRAKTEK PRODUKSI GAME 3D/Unity/Rubberlab-3D-game
C:/Kuliah/SEMESTER 5/PRAKTEK PRODUKSI GAME 3D/Unity/Rubberlab-3D-game
Using Asset Import Pipeline V2.
